::1 - - [25/Jul/2023:06:18:25 +0000] "GET / HTTP/1.1" 200 5150 "-" "Mozilla/5.0 (Windows NT 10.0; Win64; x64) AppleWebKit/537.36 (KHTML, like Gecko) Chrome/114.0.21608.199 Safari/537.36 Avast/114.0.21608.199"
::1 - - [25/Jul/2023:06:18:26 +0000] "GET /css/footer.css HTTP/1.1" 404 153 "http://localhost:8000/" "Mozilla/5.0 (Windows NT 10.0; Win64; x64) AppleWebKit/537.36 (KHTML, like Gecko) Chrome/114.0.21608.199 Safari/537.36 Avast/114.0.21608.199"
::1 - - [25/Jul/2023:06:18:26 +0000] "GET /css/chat_box.css HTTP/1.1" 404 155 "http://localhost:8000/" "Mozilla/5.0 (Windows NT 10.0; Win64; x64) AppleWebKit/537.36 (KHTML, like Gecko) Chrome/114.0.21608.199 Safari/537.36 Avast/114.0.21608.199"
::1 - - [25/Jul/2023:06:18:26 +0000] "GET /css/users_profile.css HTTP/1.1" 404 160 "http://localhost:8000/" "Mozilla/5.0 (Windows NT 10.0; Win64; x64) AppleWebKit/537.36 (KHTML, like Gecko) Chrome/114.0.21608.199 Safari/537.36 Avast/114.0.21608.199"
::1 - - [25/Jul/2023:06:18:26 +0000] "GET /css/home.css HTTP/1.1" 404 151 "http://localhost:8000/" "Mozilla/5.0 (Windows NT 10.0; Win64; x64) AppleWebKit/537.36 (KHTML, like Gecko) Chrome/114.0.21608.199 Safari/537.36 Avast/114.0.21608.199"
::1 - - [25/Jul/2023:06:18:26 +0000] "GET /css/layout.css HTTP/1.1" 404 153 "http://localhost:8000/" "Mozilla/5.0 (Windows NT 10.0; Win64; x64) AppleWebKit/537.36 (KHTML, like Gecko) Chrome/114.0.21608.199 Safari/537.36 Avast/114.0.21608.199"
::1 - - [25/Jul/2023:06:18:26 +0000] "GET /css/header.css HTTP/1.1" 404 153 "http://localhost:8000/" "Mozilla/5.0 (Windows NT 10.0; Win64; x64) AppleWebKit/537.36 (KHTML, like Gecko) Chrome/114.0.21608.199 Safari/537.36 Avast/114.0.21608.199"
::1 - - [25/Jul/2023:06:18:26 +0000] "GET /js/home_post_comments.js HTTP/1.1" 404 163 "http://localhost:8000/" "Mozilla/5.0 (Windows NT 10.0; Win64; x64) AppleWebKit/537.36 (KHTML, like Gecko) Chrome/114.0.21608.199 Safari/537.36 Avast/114.0.21608.199"
::1 - - [25/Jul/2023:06:18:26 +0000] "GET /js/toggle_likes.js HTTP/1.1" 404 157 "http://localhost:8000/" "Mozilla/5.0 (Windows NT 10.0; Win64; x64) AppleWebKit/537.36 (KHTML, like Gecko) Chrome/114.0.21608.199 Safari/537.36 Avast/114.0.21608.199"
::1 - - [25/Jul/2023:06:18:26 +0000] "GET /js/home_posts.js HTTP/1.1" 404 155 "http://localhost:8000/" "Mozilla/5.0 (Windows NT 10.0; Win64; x64) AppleWebKit/537.36 (KHTML, like Gecko) Chrome/114.0.21608.199 Safari/537.36 Avast/114.0.21608.199"
::1 - - [25/Jul/2023:06:18:26 +0000] "GET /js/chat_engine.js HTTP/1.1" 404 156 "http://localhost:8000/" "Mozilla/5.0 (Windows NT 10.0; Win64; x64) AppleWebKit/537.36 (KHTML, like Gecko) Chrome/114.0.21608.199 Safari/537.36 Avast/114.0.21608.199"
::1 - - [25/Jul/2023:06:18:26 +0000] "GET /css/header.css HTTP/1.1" 404 153 "http://localhost:8000/" "Mozilla/5.0 (Windows NT 10.0; Win64; x64) AppleWebKit/537.36 (KHTML, like Gecko) Chrome/114.0.21608.199 Safari/537.36 Avast/114.0.21608.199"
::1 - - [25/Jul/2023:06:18:26 +0000] "GET /css/footer.css HTTP/1.1" 404 153 "http://localhost:8000/" "Mozilla/5.0 (Windows NT 10.0; Win64; x64) AppleWebKit/537.36 (KHTML, like Gecko) Chrome/114.0.21608.199 Safari/537.36 Avast/114.0.21608.199"
::1 - - [25/Jul/2023:06:18:26 +0000] "GET /css/layout.css HTTP/1.1" 404 153 "http://localhost:8000/" "Mozilla/5.0 (Windows NT 10.0; Win64; x64) AppleWebKit/537.36 (KHTML, like Gecko) Chrome/114.0.21608.199 Safari/537.36 Avast/114.0.21608.199"
::1 - - [25/Jul/2023:06:18:26 +0000] "GET /css/home.css HTTP/1.1" 404 151 "http://localhost:8000/" "Mozilla/5.0 (Windows NT 10.0; Win64; x64) AppleWebKit/537.36 (KHTML, like Gecko) Chrome/114.0.21608.199 Safari/537.36 Avast/114.0.21608.199"
::1 - - [25/Jul/2023:06:18:26 +0000] "GET /css/users_profile.css HTTP/1.1" 404 160 "http://localhost:8000/" "Mozilla/5.0 (Windows NT 10.0; Win64; x64) AppleWebKit/537.36 (KHTML, like Gecko) Chrome/114.0.21608.199 Safari/537.36 Avast/114.0.21608.199"
::1 - - [25/Jul/2023:06:18:26 +0000] "GET /css/chat_box.css HTTP/1.1" 404 155 "http://localhost:8000/" "Mozilla/5.0 (Windows NT 10.0; Win64; x64) AppleWebKit/537.36 (KHTML, like Gecko) Chrome/114.0.21608.199 Safari/537.36 Avast/114.0.21608.199"
::1 - - [25/Jul/2023:06:18:26 +0000] "GET /favicon.ico HTTP/1.1" 404 150 "http://localhost:8000/" "Mozilla/5.0 (Windows NT 10.0; Win64; x64) AppleWebKit/537.36 (KHTML, like Gecko) Chrome/114.0.21608.199 Safari/537.36 Avast/114.0.21608.199"
::1 - - [25/Jul/2023:06:18:40 +0000] "GET / HTTP/1.1" 304 - "-" "Mozilla/5.0 (Windows NT 10.0; Win64; x64) AppleWebKit/537.36 (KHTML, like Gecko) Chrome/114.0.21608.199 Safari/537.36 Avast/114.0.21608.199"
::1 - - [25/Jul/2023:06:18:40 +0000] "GET /css/layout.css HTTP/1.1" 404 153 "http://localhost:8000/" "Mozilla/5.0 (Windows NT 10.0; Win64; x64) AppleWebKit/537.36 (KHTML, like Gecko) Chrome/114.0.21608.199 Safari/537.36 Avast/114.0.21608.199"
::1 - - [25/Jul/2023:06:18:40 +0000] "GET /css/header.css HTTP/1.1" 404 153 "http://localhost:8000/" "Mozilla/5.0 (Windows NT 10.0; Win64; x64) AppleWebKit/537.36 (KHTML, like Gecko) Chrome/114.0.21608.199 Safari/537.36 Avast/114.0.21608.199"
::1 - - [25/Jul/2023:06:18:40 +0000] "GET /css/footer.css HTTP/1.1" 404 153 "http://localhost:8000/" "Mozilla/5.0 (Windows NT 10.0; Win64; x64) AppleWebKit/537.36 (KHTML, like Gecko) Chrome/114.0.21608.199 Safari/537.36 Avast/114.0.21608.199"
::1 - - [25/Jul/2023:06:18:40 +0000] "GET /css/home.css HTTP/1.1" 404 151 "http://localhost:8000/" "Mozilla/5.0 (Windows NT 10.0; Win64; x64) AppleWebKit/537.36 (KHTML, like Gecko) Chrome/114.0.21608.199 Safari/537.36 Avast/114.0.21608.199"
::1 - - [25/Jul/2023:06:18:40 +0000] "GET /css/chat_box.css HTTP/1.1" 404 155 "http://localhost:8000/" "Mozilla/5.0 (Windows NT 10.0; Win64; x64) AppleWebKit/537.36 (KHTML, like Gecko) Chrome/114.0.21608.199 Safari/537.36 Avast/114.0.21608.199"
::1 - - [25/Jul/2023:06:18:40 +0000] "GET /css/users_profile.css HTTP/1.1" 404 160 "http://localhost:8000/" "Mozilla/5.0 (Windows NT 10.0; Win64; x64) AppleWebKit/537.36 (KHTML, like Gecko) Chrome/114.0.21608.199 Safari/537.36 Avast/114.0.21608.199"
::1 - - [25/Jul/2023:06:18:40 +0000] "GET /js/home_post_comments.js HTTP/1.1" 404 163 "http://localhost:8000/" "Mozilla/5.0 (Windows NT 10.0; Win64; x64) AppleWebKit/537.36 (KHTML, like Gecko) Chrome/114.0.21608.199 Safari/537.36 Avast/114.0.21608.199"
::1 - - [25/Jul/2023:06:18:40 +0000] "GET /js/home_posts.js HTTP/1.1" 404 155 "http://localhost:8000/" "Mozilla/5.0 (Windows NT 10.0; Win64; x64) AppleWebKit/537.36 (KHTML, like Gecko) Chrome/114.0.21608.199 Safari/537.36 Avast/114.0.21608.199"
::1 - - [25/Jul/2023:06:18:40 +0000] "GET /js/toggle_likes.js HTTP/1.1" 404 157 "http://localhost:8000/" "Mozilla/5.0 (Windows NT 10.0; Win64; x64) AppleWebKit/537.36 (KHTML, like Gecko) Chrome/114.0.21608.199 Safari/537.36 Avast/114.0.21608.199"
::1 - - [25/Jul/2023:06:18:40 +0000] "GET /js/chat_engine.js HTTP/1.1" 404 156 "http://localhost:8000/" "Mozilla/5.0 (Windows NT 10.0; Win64; x64) AppleWebKit/537.36 (KHTML, like Gecko) Chrome/114.0.21608.199 Safari/537.36 Avast/114.0.21608.199"
::1 - - [25/Jul/2023:06:20:08 +0000] "GET / HTTP/1.1" 304 - "-" "Mozilla/5.0 (Windows NT 10.0; Win64; x64) AppleWebKit/537.36 (KHTML, like Gecko) Chrome/114.0.21608.199 Safari/537.36 Avast/114.0.21608.199"
::1 - - [25/Jul/2023:06:20:08 +0000] "GET /css/layout.css HTTP/1.1" 404 153 "http://localhost:8000/" "Mozilla/5.0 (Windows NT 10.0; Win64; x64) AppleWebKit/537.36 (KHTML, like Gecko) Chrome/114.0.21608.199 Safari/537.36 Avast/114.0.21608.199"
::1 - - [25/Jul/2023:06:20:08 +0000] "GET /css/header.css HTTP/1.1" 404 153 "http://localhost:8000/" "Mozilla/5.0 (Windows NT 10.0; Win64; x64) AppleWebKit/537.36 (KHTML, like Gecko) Chrome/114.0.21608.199 Safari/537.36 Avast/114.0.21608.199"
::1 - - [25/Jul/2023:06:20:08 +0000] "GET /css/home.css HTTP/1.1" 404 151 "http://localhost:8000/" "Mozilla/5.0 (Windows NT 10.0; Win64; x64) AppleWebKit/537.36 (KHTML, like Gecko) Chrome/114.0.21608.199 Safari/537.36 Avast/114.0.21608.199"
::1 - - [25/Jul/2023:06:20:08 +0000] "GET /css/footer.css HTTP/1.1" 404 153 "http://localhost:8000/" "Mozilla/5.0 (Windows NT 10.0; Win64; x64) AppleWebKit/537.36 (KHTML, like Gecko) Chrome/114.0.21608.199 Safari/537.36 Avast/114.0.21608.199"
::1 - - [25/Jul/2023:06:20:08 +0000] "GET /css/chat_box.css HTTP/1.1" 404 155 "http://localhost:8000/" "Mozilla/5.0 (Windows NT 10.0; Win64; x64) AppleWebKit/537.36 (KHTML, like Gecko) Chrome/114.0.21608.199 Safari/537.36 Avast/114.0.21608.199"
::1 - - [25/Jul/2023:06:20:08 +0000] "GET /js/home_post_comments.js HTTP/1.1" 404 163 "http://localhost:8000/" "Mozilla/5.0 (Windows NT 10.0; Win64; x64) AppleWebKit/537.36 (KHTML, like Gecko) Chrome/114.0.21608.199 Safari/537.36 Avast/114.0.21608.199"
::1 - - [25/Jul/2023:06:20:08 +0000] "GET /css/users_profile.css HTTP/1.1" 404 160 "http://localhost:8000/" "Mozilla/5.0 (Windows NT 10.0; Win64; x64) AppleWebKit/537.36 (KHTML, like Gecko) Chrome/114.0.21608.199 Safari/537.36 Avast/114.0.21608.199"
::1 - - [25/Jul/2023:06:20:08 +0000] "GET /css/layout.css HTTP/1.1" 404 153 "http://localhost:8000/" "Mozilla/5.0 (Windows NT 10.0; Win64; x64) AppleWebKit/537.36 (KHTML, like Gecko) Chrome/114.0.21608.199 Safari/537.36 Avast/114.0.21608.199"
::1 - - [25/Jul/2023:06:20:08 +0000] "GET /css/header.css HTTP/1.1" 404 153 "http://localhost:8000/" "Mozilla/5.0 (Windows NT 10.0; Win64; x64) AppleWebKit/537.36 (KHTML, like Gecko) Chrome/114.0.21608.199 Safari/537.36 Avast/114.0.21608.199"
::1 - - [25/Jul/2023:06:20:08 +0000] "GET /js/toggle_likes.js HTTP/1.1" 404 157 "http://localhost:8000/" "Mozilla/5.0 (Windows NT 10.0; Win64; x64) AppleWebKit/537.36 (KHTML, like Gecko) Chrome/114.0.21608.199 Safari/537.36 Avast/114.0.21608.199"
::1 - - [25/Jul/2023:06:20:08 +0000] "GET /js/home_posts.js HTTP/1.1" 404 155 "http://localhost:8000/" "Mozilla/5.0 (Windows NT 10.0; Win64; x64) AppleWebKit/537.36 (KHTML, like Gecko) Chrome/114.0.21608.199 Safari/537.36 Avast/114.0.21608.199"
::1 - - [25/Jul/2023:06:20:08 +0000] "GET /js/chat_engine.js HTTP/1.1" 404 156 "http://localhost:8000/" "Mozilla/5.0 (Windows NT 10.0; Win64; x64) AppleWebKit/537.36 (KHTML, like Gecko) Chrome/114.0.21608.199 Safari/537.36 Avast/114.0.21608.199"
::1 - - [25/Jul/2023:06:20:09 +0000] "GET / HTTP/1.1" 304 - "-" "Mozilla/5.0 (Windows NT 10.0; Win64; x64) AppleWebKit/537.36 (KHTML, like Gecko) Chrome/114.0.21608.199 Safari/537.36 Avast/114.0.21608.199"
::1 - - [25/Jul/2023:06:20:09 +0000] "GET /css/layout.css HTTP/1.1" 404 153 "http://localhost:8000/" "Mozilla/5.0 (Windows NT 10.0; Win64; x64) AppleWebKit/537.36 (KHTML, like Gecko) Chrome/114.0.21608.199 Safari/537.36 Avast/114.0.21608.199"
::1 - - [25/Jul/2023:06:20:09 +0000] "GET /css/header.css HTTP/1.1" 404 153 "http://localhost:8000/" "Mozilla/5.0 (Windows NT 10.0; Win64; x64) AppleWebKit/537.36 (KHTML, like Gecko) Chrome/114.0.21608.199 Safari/537.36 Avast/114.0.21608.199"
::1 - - [25/Jul/2023:06:20:09 +0000] "GET /css/footer.css HTTP/1.1" 404 153 "http://localhost:8000/" "Mozilla/5.0 (Windows NT 10.0; Win64; x64) AppleWebKit/537.36 (KHTML, like Gecko) Chrome/114.0.21608.199 Safari/537.36 Avast/114.0.21608.199"
::1 - - [25/Jul/2023:06:20:09 +0000] "GET /css/home.css HTTP/1.1" 404 151 "http://localhost:8000/" "Mozilla/5.0 (Windows NT 10.0; Win64; x64) AppleWebKit/537.36 (KHTML, like Gecko) Chrome/114.0.21608.199 Safari/537.36 Avast/114.0.21608.199"
::1 - - [25/Jul/2023:06:20:09 +0000] "GET /css/chat_box.css HTTP/1.1" 404 155 "http://localhost:8000/" "Mozilla/5.0 (Windows NT 10.0; Win64; x64) AppleWebKit/537.36 (KHTML, like Gecko) Chrome/114.0.21608.199 Safari/537.36 Avast/114.0.21608.199"
::1 - - [25/Jul/2023:06:20:09 +0000] "GET /css/users_profile.css HTTP/1.1" 404 160 "http://localhost:8000/" "Mozilla/5.0 (Windows NT 10.0; Win64; x64) AppleWebKit/537.36 (KHTML, like Gecko) Chrome/114.0.21608.199 Safari/537.36 Avast/114.0.21608.199"
::1 - - [25/Jul/2023:06:20:09 +0000] "GET /js/home_post_comments.js HTTP/1.1" 404 163 "http://localhost:8000/" "Mozilla/5.0 (Windows NT 10.0; Win64; x64) AppleWebKit/537.36 (KHTML, like Gecko) Chrome/114.0.21608.199 Safari/537.36 Avast/114.0.21608.199"
::1 - - [25/Jul/2023:06:20:09 +0000] "GET /js/home_posts.js HTTP/1.1" 404 155 "http://localhost:8000/" "Mozilla/5.0 (Windows NT 10.0; Win64; x64) AppleWebKit/537.36 (KHTML, like Gecko) Chrome/114.0.21608.199 Safari/537.36 Avast/114.0.21608.199"
::1 - - [25/Jul/2023:06:20:09 +0000] "GET /js/toggle_likes.js HTTP/1.1" 404 157 "http://localhost:8000/" "Mozilla/5.0 (Windows NT 10.0; Win64; x64) AppleWebKit/537.36 (KHTML, like Gecko) Chrome/114.0.21608.199 Safari/537.36 Avast/114.0.21608.199"
::1 - - [25/Jul/2023:06:20:09 +0000] "GET /js/chat_engine.js HTTP/1.1" 404 156 "http://localhost:8000/" "Mozilla/5.0 (Windows NT 10.0; Win64; x64) AppleWebKit/537.36 (KHTML, like Gecko) Chrome/114.0.21608.199 Safari/537.36 Avast/114.0.21608.199"
::1 - - [25/Jul/2023:06:20:09 +0000] "GET / HTTP/1.1" 304 - "-" "Mozilla/5.0 (Windows NT 10.0; Win64; x64) AppleWebKit/537.36 (KHTML, like Gecko) Chrome/114.0.21608.199 Safari/537.36 Avast/114.0.21608.199"
::1 - - [25/Jul/2023:06:20:10 +0000] "GET /css/layout.css HTTP/1.1" 404 153 "http://localhost:8000/" "Mozilla/5.0 (Windows NT 10.0; Win64; x64) AppleWebKit/537.36 (KHTML, like Gecko) Chrome/114.0.21608.199 Safari/537.36 Avast/114.0.21608.199"
::1 - - [25/Jul/2023:06:20:10 +0000] "GET /css/footer.css HTTP/1.1" 404 153 "http://localhost:8000/" "Mozilla/5.0 (Windows NT 10.0; Win64; x64) AppleWebKit/537.36 (KHTML, like Gecko) Chrome/114.0.21608.199 Safari/537.36 Avast/114.0.21608.199"
::1 - - [25/Jul/2023:06:20:10 +0000] "GET /css/home.css HTTP/1.1" 404 151 "http://localhost:8000/" "Mozilla/5.0 (Windows NT 10.0; Win64; x64) AppleWebKit/537.36 (KHTML, like Gecko) Chrome/114.0.21608.199 Safari/537.36 Avast/114.0.21608.199"
::1 - - [25/Jul/2023:06:20:10 +0000] "GET /css/header.css HTTP/1.1" 404 153 "http://localhost:8000/" "Mozilla/5.0 (Windows NT 10.0; Win64; x64) AppleWebKit/537.36 (KHTML, like Gecko) Chrome/114.0.21608.199 Safari/537.36 Avast/114.0.21608.199"
::1 - - [25/Jul/2023:06:20:10 +0000] "GET /css/chat_box.css HTTP/1.1" 404 155 "http://localhost:8000/" "Mozilla/5.0 (Windows NT 10.0; Win64; x64) AppleWebKit/537.36 (KHTML, like Gecko) Chrome/114.0.21608.199 Safari/537.36 Avast/114.0.21608.199"
::1 - - [25/Jul/2023:06:20:10 +0000] "GET /css/users_profile.css HTTP/1.1" 404 160 "http://localhost:8000/" "Mozilla/5.0 (Windows NT 10.0; Win64; x64) AppleWebKit/537.36 (KHTML, like Gecko) Chrome/114.0.21608.199 Safari/537.36 Avast/114.0.21608.199"
::1 - - [25/Jul/2023:06:20:10 +0000] "GET /js/home_post_comments.js HTTP/1.1" 404 163 "http://localhost:8000/" "Mozilla/5.0 (Windows NT 10.0; Win64; x64) AppleWebKit/537.36 (KHTML, like Gecko) Chrome/114.0.21608.199 Safari/537.36 Avast/114.0.21608.199"
::1 - - [25/Jul/2023:06:20:10 +0000] "GET /js/home_posts.js HTTP/1.1" 404 155 "http://localhost:8000/" "Mozilla/5.0 (Windows NT 10.0; Win64; x64) AppleWebKit/537.36 (KHTML, like Gecko) Chrome/114.0.21608.199 Safari/537.36 Avast/114.0.21608.199"
::1 - - [25/Jul/2023:06:20:10 +0000] "GET /js/chat_engine.js HTTP/1.1" 404 156 "http://localhost:8000/" "Mozilla/5.0 (Windows NT 10.0; Win64; x64) AppleWebKit/537.36 (KHTML, like Gecko) Chrome/114.0.21608.199 Safari/537.36 Avast/114.0.21608.199"
::1 - - [25/Jul/2023:06:20:10 +0000] "GET /js/toggle_likes.js HTTP/1.1" 404 157 "http://localhost:8000/" "Mozilla/5.0 (Windows NT 10.0; Win64; x64) AppleWebKit/537.36 (KHTML, like Gecko) Chrome/114.0.21608.199 Safari/537.36 Avast/114.0.21608.199"
::1 - - [25/Jul/2023:06:20:10 +0000] "GET / HTTP/1.1" 304 - "-" "Mozilla/5.0 (Windows NT 10.0; Win64; x64) AppleWebKit/537.36 (KHTML, like Gecko) Chrome/114.0.21608.199 Safari/537.36 Avast/114.0.21608.199"
::1 - - [25/Jul/2023:06:20:10 +0000] "GET /css/layout.css HTTP/1.1" 404 153 "http://localhost:8000/" "Mozilla/5.0 (Windows NT 10.0; Win64; x64) AppleWebKit/537.36 (KHTML, like Gecko) Chrome/114.0.21608.199 Safari/537.36 Avast/114.0.21608.199"
::1 - - [25/Jul/2023:06:20:10 +0000] "GET /css/header.css HTTP/1.1" 404 153 "http://localhost:8000/" "Mozilla/5.0 (Windows NT 10.0; Win64; x64) AppleWebKit/537.36 (KHTML, like Gecko) Chrome/114.0.21608.199 Safari/537.36 Avast/114.0.21608.199"
::1 - - [25/Jul/2023:06:20:10 +0000] "GET /css/home.css HTTP/1.1" 404 151 "http://localhost:8000/" "Mozilla/5.0 (Windows NT 10.0; Win64; x64) AppleWebKit/537.36 (KHTML, like Gecko) Chrome/114.0.21608.199 Safari/537.36 Avast/114.0.21608.199"
::1 - - [25/Jul/2023:06:20:10 +0000] "GET /css/chat_box.css HTTP/1.1" 404 155 "http://localhost:8000/" "Mozilla/5.0 (Windows NT 10.0; Win64; x64) AppleWebKit/537.36 (KHTML, like Gecko) Chrome/114.0.21608.199 Safari/537.36 Avast/114.0.21608.199"
::1 - - [25/Jul/2023:06:20:10 +0000] "GET /css/users_profile.css HTTP/1.1" 404 160 "http://localhost:8000/" "Mozilla/5.0 (Windows NT 10.0; Win64; x64) AppleWebKit/537.36 (KHTML, like Gecko) Chrome/114.0.21608.199 Safari/537.36 Avast/114.0.21608.199"
::1 - - [25/Jul/2023:06:20:10 +0000] "GET /css/footer.css HTTP/1.1" 404 153 "http://localhost:8000/" "Mozilla/5.0 (Windows NT 10.0; Win64; x64) AppleWebKit/537.36 (KHTML, like Gecko) Chrome/114.0.21608.199 Safari/537.36 Avast/114.0.21608.199"
::1 - - [25/Jul/2023:06:20:10 +0000] "GET /js/home_post_comments.js HTTP/1.1" 404 163 "http://localhost:8000/" "Mozilla/5.0 (Windows NT 10.0; Win64; x64) AppleWebKit/537.36 (KHTML, like Gecko) Chrome/114.0.21608.199 Safari/537.36 Avast/114.0.21608.199"
::1 - - [25/Jul/2023:06:20:10 +0000] "GET /js/home_posts.js HTTP/1.1" 404 155 "http://localhost:8000/" "Mozilla/5.0 (Windows NT 10.0; Win64; x64) AppleWebKit/537.36 (KHTML, like Gecko) Chrome/114.0.21608.199 Safari/537.36 Avast/114.0.21608.199"
::1 - - [25/Jul/2023:06:20:10 +0000] "GET /js/toggle_likes.js HTTP/1.1" 404 157 "http://localhost:8000/" "Mozilla/5.0 (Windows NT 10.0; Win64; x64) AppleWebKit/537.36 (KHTML, like Gecko) Chrome/114.0.21608.199 Safari/537.36 Avast/114.0.21608.199"
::1 - - [25/Jul/2023:06:20:10 +0000] "GET /js/chat_engine.js HTTP/1.1" 404 156 "http://localhost:8000/" "Mozilla/5.0 (Windows NT 10.0; Win64; x64) AppleWebKit/537.36 (KHTML, like Gecko) Chrome/114.0.21608.199 Safari/537.36 Avast/114.0.21608.199"
::1 - - [25/Jul/2023:06:20:13 +0000] "GET /users/profile/64b8dcb8c1a048a7604a6b6f HTTP/1.1" 302 72 "http://localhost:8000/" "Mozilla/5.0 (Windows NT 10.0; Win64; x64) AppleWebKit/537.36 (KHTML, like Gecko) Chrome/114.0.21608.199 Safari/537.36 Avast/114.0.21608.199"
::1 - - [25/Jul/2023:06:20:13 +0000] "GET /users/sign-in HTTP/1.1" 304 - "http://localhost:8000/" "Mozilla/5.0 (Windows NT 10.0; Win64; x64) AppleWebKit/537.36 (KHTML, like Gecko) Chrome/114.0.21608.199 Safari/537.36 Avast/114.0.21608.199"
::1 - - [25/Jul/2023:06:20:14 +0000] "GET /css/layout.css HTTP/1.1" 404 153 "http://localhost:8000/users/sign-in" "Mozilla/5.0 (Windows NT 10.0; Win64; x64) AppleWebKit/537.36 (KHTML, like Gecko) Chrome/114.0.21608.199 Safari/537.36 Avast/114.0.21608.199"
::1 - - [25/Jul/2023:06:20:14 +0000] "GET /css/header.css HTTP/1.1" 404 153 "http://localhost:8000/users/sign-in" "Mozilla/5.0 (Windows NT 10.0; Win64; x64) AppleWebKit/537.36 (KHTML, like Gecko) Chrome/114.0.21608.199 Safari/537.36 Avast/114.0.21608.199"
::1 - - [25/Jul/2023:06:20:14 +0000] "GET /css/footer.css HTTP/1.1" 404 153 "http://localhost:8000/users/sign-in" "Mozilla/5.0 (Windows NT 10.0; Win64; x64) AppleWebKit/537.36 (KHTML, like Gecko) Chrome/114.0.21608.199 Safari/537.36 Avast/114.0.21608.199"
::1 - - [25/Jul/2023:06:23:09 +0000] "GET /users/sign-in HTTP/1.1" 304 - "http://localhost:8000/users/sign-in" "Mozilla/5.0 (Windows NT 10.0; Win64; x64) AppleWebKit/537.36 (KHTML, like Gecko) Chrome/114.0.21608.199 Safari/537.36 Avast/114.0.21608.199"
::1 - - [25/Jul/2023:06:23:09 +0000] "GET /css/layout.css HTTP/1.1" 404 153 "http://localhost:8000/users/sign-in" "Mozilla/5.0 (Windows NT 10.0; Win64; x64) AppleWebKit/537.36 (KHTML, like Gecko) Chrome/114.0.21608.199 Safari/537.36 Avast/114.0.21608.199"
::1 - - [25/Jul/2023:06:23:09 +0000] "GET /css/header.css HTTP/1.1" 404 153 "http://localhost:8000/users/sign-in" "Mozilla/5.0 (Windows NT 10.0; Win64; x64) AppleWebKit/537.36 (KHTML, like Gecko) Chrome/114.0.21608.199 Safari/537.36 Avast/114.0.21608.199"
::1 - - [25/Jul/2023:06:23:09 +0000] "GET /css/footer.css HTTP/1.1" 404 153 "http://localhost:8000/users/sign-in" "Mozilla/5.0 (Windows NT 10.0; Win64; x64) AppleWebKit/537.36 (KHTML, like Gecko) Chrome/114.0.21608.199 Safari/537.36 Avast/114.0.21608.199"
::1 - - [25/Jul/2023:06:23:09 +0000] "GET /css/layout.css HTTP/1.1" 404 153 "http://localhost:8000/users/sign-in" "Mozilla/5.0 (Windows NT 10.0; Win64; x64) AppleWebKit/537.36 (KHTML, like Gecko) Chrome/114.0.21608.199 Safari/537.36 Avast/114.0.21608.199"
::1 - - [25/Jul/2023:06:23:09 +0000] "GET /css/header.css HTTP/1.1" 404 153 "http://localhost:8000/users/sign-in" "Mozilla/5.0 (Windows NT 10.0; Win64; x64) AppleWebKit/537.36 (KHTML, like Gecko) Chrome/114.0.21608.199 Safari/537.36 Avast/114.0.21608.199"
::1 - - [25/Jul/2023:06:23:09 +0000] "GET /css/footer.css HTTP/1.1" 404 153 "http://localhost:8000/users/sign-in" "Mozilla/5.0 (Windows NT 10.0; Win64; x64) AppleWebKit/537.36 (KHTML, like Gecko) Chrome/114.0.21608.199 Safari/537.36 Avast/114.0.21608.199"
::1 - - [25/Jul/2023:06:23:14 +0000] "GET /users/sign-in HTTP/1.1" 304 - "http://localhost:8000/users/sign-in" "Mozilla/5.0 (Windows NT 10.0; Win64; x64) AppleWebKit/537.36 (KHTML, like Gecko) Chrome/114.0.21608.199 Safari/537.36 Avast/114.0.21608.199"
::1 - - [25/Jul/2023:06:23:14 +0000] "GET /css/layout.css HTTP/1.1" 404 153 "http://localhost:8000/users/sign-in" "Mozilla/5.0 (Windows NT 10.0; Win64; x64) AppleWebKit/537.36 (KHTML, like Gecko) Chrome/114.0.21608.199 Safari/537.36 Avast/114.0.21608.199"
::1 - - [25/Jul/2023:06:23:15 +0000] "GET /css/header.css HTTP/1.1" 404 153 "http://localhost:8000/users/sign-in" "Mozilla/5.0 (Windows NT 10.0; Win64; x64) AppleWebKit/537.36 (KHTML, like Gecko) Chrome/114.0.21608.199 Safari/537.36 Avast/114.0.21608.199"
::1 - - [25/Jul/2023:06:23:15 +0000] "GET /css/footer.css HTTP/1.1" 404 153 "http://localhost:8000/users/sign-in" "Mozilla/5.0 (Windows NT 10.0; Win64; x64) AppleWebKit/537.36 (KHTML, like Gecko) Chrome/114.0.21608.199 Safari/537.36 Avast/114.0.21608.199"
::1 - - [25/Jul/2023:06:23:18 +0000] "GET /users/auth/google HTTP/1.1" 302 0 "http://localhost:8000/users/sign-in" "Mozilla/5.0 (Windows NT 10.0; Win64; x64) AppleWebKit/537.36 (KHTML, like Gecko) Chrome/114.0.21608.199 Safari/537.36 Avast/114.0.21608.199"
::1 - - [25/Jul/2023:06:23:26 +0000] "GET /users/sign-up HTTP/1.1" 304 - "http://localhost:8000/users/sign-in" "Mozilla/5.0 (Windows NT 10.0; Win64; x64) AppleWebKit/537.36 (KHTML, like Gecko) Chrome/114.0.21608.199 Safari/537.36 Avast/114.0.21608.199"
::1 - - [25/Jul/2023:06:23:26 +0000] "GET /css/layout.css HTTP/1.1" 404 153 "http://localhost:8000/users/sign-up" "Mozilla/5.0 (Windows NT 10.0; Win64; x64) AppleWebKit/537.36 (KHTML, like Gecko) Chrome/114.0.21608.199 Safari/537.36 Avast/114.0.21608.199"
::1 - - [25/Jul/2023:06:23:26 +0000] "GET /css/header.css HTTP/1.1" 404 153 "http://localhost:8000/users/sign-up" "Mozilla/5.0 (Windows NT 10.0; Win64; x64) AppleWebKit/537.36 (KHTML, like Gecko) Chrome/114.0.21608.199 Safari/537.36 Avast/114.0.21608.199"
::1 - - [25/Jul/2023:06:23:26 +0000] "GET /css/footer.css HTTP/1.1" 404 153 "http://localhost:8000/users/sign-up" "Mozilla/5.0 (Windows NT 10.0; Win64; x64) AppleWebKit/537.36 (KHTML, like Gecko) Chrome/114.0.21608.199 Safari/537.36 Avast/114.0.21608.199"
::1 - - [25/Jul/2023:06:23:38 +0000] "POST /users/create HTTP/1.1" 302 114 "http://localhost:8000/users/sign-up" "Mozilla/5.0 (Windows NT 10.0; Win64; x64) AppleWebKit/537.36 (KHTML, like Gecko) Chrome/114.0.21608.199 Safari/537.36 Avast/114.0.21608.199"
::1 - - [25/Jul/2023:06:23:38 +0000] "GET /users/sign-up HTTP/1.1" 304 - "http://localhost:8000/users/sign-up" "Mozilla/5.0 (Windows NT 10.0; Win64; x64) AppleWebKit/537.36 (KHTML, like Gecko) Chrome/114.0.21608.199 Safari/537.36 Avast/114.0.21608.199"
::1 - - [25/Jul/2023:06:23:39 +0000] "GET /css/layout.css HTTP/1.1" 404 153 "http://localhost:8000/users/sign-up" "Mozilla/5.0 (Windows NT 10.0; Win64; x64) AppleWebKit/537.36 (KHTML, like Gecko) Chrome/114.0.21608.199 Safari/537.36 Avast/114.0.21608.199"
::1 - - [25/Jul/2023:06:23:39 +0000] "GET /css/header.css HTTP/1.1" 404 153 "http://localhost:8000/users/sign-up" "Mozilla/5.0 (Windows NT 10.0; Win64; x64) AppleWebKit/537.36 (KHTML, like Gecko) Chrome/114.0.21608.199 Safari/537.36 Avast/114.0.21608.199"
::1 - - [25/Jul/2023:06:23:39 +0000] "GET /css/footer.css HTTP/1.1" 404 153 "http://localhost:8000/users/sign-up" "Mozilla/5.0 (Windows NT 10.0; Win64; x64) AppleWebKit/537.36 (KHTML, like Gecko) Chrome/114.0.21608.199 Safari/537.36 Avast/114.0.21608.199"
::1 - - [25/Jul/2023:06:23:43 +0000] "GET /css/layout.css HTTP/1.1" 404 153 "http://localhost:8000/users/sign-up" "Mozilla/5.0 (Windows NT 10.0; Win64; x64) AppleWebKit/537.36 (KHTML, like Gecko) Chrome/114.0.21608.199 Safari/537.36 Avast/114.0.21608.199"
::1 - - [25/Jul/2023:06:23:43 +0000] "GET /css/header.css HTTP/1.1" 404 153 "http://localhost:8000/users/sign-up" "Mozilla/5.0 (Windows NT 10.0; Win64; x64) AppleWebKit/537.36 (KHTML, like Gecko) Chrome/114.0.21608.199 Safari/537.36 Avast/114.0.21608.199"
::1 - - [25/Jul/2023:06:23:43 +0000] "GET /css/footer.css HTTP/1.1" 404 153 "http://localhost:8000/users/sign-up" "Mozilla/5.0 (Windows NT 10.0; Win64; x64) AppleWebKit/537.36 (KHTML, like Gecko) Chrome/114.0.21608.199 Safari/537.36 Avast/114.0.21608.199"
[0mGET /users/sign-up [32m200[0m 55.667 ms - 2785[0m
::1 - - [25/Jul/2023:06:26:24 +0000] "GET /users/sign-up HTTP/1.1" 304 - "http://localhost:8000/users/sign-up" "Mozilla/5.0 (Windows NT 10.0; Win64; x64) AppleWebKit/537.36 (KHTML, like Gecko) Chrome/114.0.21608.199 Safari/537.36 Avast/114.0.21608.199"
::1 - - [25/Jul/2023:06:26:25 +0000] "GET /css/layout.css HTTP/1.1" 404 153 "http://localhost:8000/users/sign-up" "Mozilla/5.0 (Windows NT 10.0; Win64; x64) AppleWebKit/537.36 (KHTML, like Gecko) Chrome/114.0.21608.199 Safari/537.36 Avast/114.0.21608.199"
::1 - - [25/Jul/2023:06:26:25 +0000] "GET /css/header.css HTTP/1.1" 404 153 "http://localhost:8000/users/sign-up" "Mozilla/5.0 (Windows NT 10.0; Win64; x64) AppleWebKit/537.36 (KHTML, like Gecko) Chrome/114.0.21608.199 Safari/537.36 Avast/114.0.21608.199"
::1 - - [25/Jul/2023:06:26:25 +0000] "GET /css/footer.css HTTP/1.1" 404 153 "http://localhost:8000/users/sign-up" "Mozilla/5.0 (Windows NT 10.0; Win64; x64) AppleWebKit/537.36 (KHTML, like Gecko) Chrome/114.0.21608.199 Safari/537.36 Avast/114.0.21608.199"
::1 - - [25/Jul/2023:06:26:25 +0000] "GET /css/layout.css HTTP/1.1" 404 153 "http://localhost:8000/users/sign-up" "Mozilla/5.0 (Windows NT 10.0; Win64; x64) AppleWebKit/537.36 (KHTML, like Gecko) Chrome/114.0.21608.199 Safari/537.36 Avast/114.0.21608.199"
::1 - - [25/Jul/2023:06:26:25 +0000] "GET /css/header.css HTTP/1.1" 404 153 "http://localhost:8000/users/sign-up" "Mozilla/5.0 (Windows NT 10.0; Win64; x64) AppleWebKit/537.36 (KHTML, like Gecko) Chrome/114.0.21608.199 Safari/537.36 Avast/114.0.21608.199"
::1 - - [25/Jul/2023:06:26:25 +0000] "GET /css/footer.css HTTP/1.1" 404 153 "http://localhost:8000/users/sign-up" "Mozilla/5.0 (Windows NT 10.0; Win64; x64) AppleWebKit/537.36 (KHTML, like Gecko) Chrome/114.0.21608.199 Safari/537.36 Avast/114.0.21608.199"
::ffff:172.22.32.1 - - [25/Jul/2023:06:28:04 +0000] "GET / HTTP/1.1" 200 5150 "-" "Avast Antivirus"
::ffff:172.22.32.1 - - [25/Jul/2023:06:28:04 +0000] "GET / HTTP/1.1" 200 5150 "-" "Avast Antivirus"
::1 - - [25/Jul/2023:06:28:32 +0000] "GET /users/sign-up HTTP/1.1" 304 - "http://localhost:8000/users/sign-up" "Mozilla/5.0 (Windows NT 10.0; Win64; x64) AppleWebKit/537.36 (KHTML, like Gecko) Chrome/114.0.21608.199 Safari/537.36 Avast/114.0.21608.199"
::ffff:172.22.32.1 - - [25/Jul/2023:06:28:45 +0000] "GET /requested.html HTTP/1.1" 404 153 "-" "-"
::ffff:172.22.32.1 - - [25/Jul/2023:06:28:54 +0000] "GET /requested.html HTTP/1.1" 404 153 "-" "-"
::1 - - [25/Jul/2023:18:14:22 +0000] "GET / HTTP/1.1" 304 - "-" "Mozilla/5.0 (Windows NT 10.0; Win64; x64) AppleWebKit/537.36 (KHTML, like Gecko) Chrome/114.0.21608.199 Safari/537.36 Avast/114.0.21608.199"
::1 - - [25/Jul/2023:18:14:24 +0000] "GET /favicon.ico HTTP/1.1" 404 150 "http://localhost:8000/" "Mozilla/5.0 (Windows NT 10.0; Win64; x64) AppleWebKit/537.36 (KHTML, like Gecko) Chrome/114.0.21608.199 Safari/537.36 Avast/114.0.21608.199"
::1 - - [25/Jul/2023:18:14:28 +0000] "GET /users/sign-in HTTP/1.1" 304 - "http://localhost:8000/" "Mozilla/5.0 (Windows NT 10.0; Win64; x64) AppleWebKit/537.36 (KHTML, like Gecko) Chrome/114.0.21608.199 Safari/537.36 Avast/114.0.21608.199"
::1 - - [25/Jul/2023:18:14:35 +0000] "POST /users/create-session HTTP/1.1" 302 46 "http://localhost:8000/users/sign-in" "Mozilla/5.0 (Windows NT 10.0; Win64; x64) AppleWebKit/537.36 (KHTML, like Gecko) Chrome/114.0.21608.199 Safari/537.36 Avast/114.0.21608.199"
::1 - - [25/Jul/2023:18:14:35 +0000] "GET / HTTP/1.1" 200 7704 "http://localhost:8000/users/sign-in" "Mozilla/5.0 (Windows NT 10.0; Win64; x64) AppleWebKit/537.36 (KHTML, like Gecko) Chrome/114.0.21608.199 Safari/537.36 Avast/114.0.21608.199"
::1 - - [25/Jul/2023:18:14:41 +0000] "POST /likes/toggle/?id=64b8dd00c1a048a7604a6b92&type=Comment HTTP/1.1" 200 57 "http://localhost:8000/" "Mozilla/5.0 (Windows NT 10.0; Win64; x64) AppleWebKit/537.36 (KHTML, like Gecko) Chrome/114.0.21608.199 Safari/537.36 Avast/114.0.21608.199"
::1 - - [25/Jul/2023:18:14:42 +0000] "POST /likes/toggle/?id=64b8dd00c1a048a7604a6b92&type=Comment HTTP/1.1" 200 58 "http://localhost:8000/" "Mozilla/5.0 (Windows NT 10.0; Win64; x64) AppleWebKit/537.36 (KHTML, like Gecko) Chrome/114.0.21608.199 Safari/537.36 Avast/114.0.21608.199"
::1 - - [25/Jul/2023:18:14:43 +0000] "GET /users/sign-out HTTP/1.1" 302 46 "http://localhost:8000/" "Mozilla/5.0 (Windows NT 10.0; Win64; x64) AppleWebKit/537.36 (KHTML, like Gecko) Chrome/114.0.21608.199 Safari/537.36 Avast/114.0.21608.199"
::1 - - [25/Jul/2023:18:14:43 +0000] "GET / HTTP/1.1" 200 5507 "http://localhost:8000/" "Mozilla/5.0 (Windows NT 10.0; Win64; x64) AppleWebKit/537.36 (KHTML, like Gecko) Chrome/114.0.21608.199 Safari/537.36 Avast/114.0.21608.199"
::1 - - [25/Jul/2023:18:14:45 +0000] "GET /users/sign-up HTTP/1.1" 304 - "http://localhost:8000/" "Mozilla/5.0 (Windows NT 10.0; Win64; x64) AppleWebKit/537.36 (KHTML, like Gecko) Chrome/114.0.21608.199 Safari/537.36 Avast/114.0.21608.199"
::1 - - [25/Jul/2023:18:15:02 +0000] "POST /users/create HTTP/1.1" 302 72 "http://localhost:8000/users/sign-up" "Mozilla/5.0 (Windows NT 10.0; Win64; x64) AppleWebKit/537.36 (KHTML, like Gecko) Chrome/114.0.21608.199 Safari/537.36 Avast/114.0.21608.199"
::1 - - [25/Jul/2023:18:15:02 +0000] "GET /users/sign-in HTTP/1.1" 304 - "http://localhost:8000/users/sign-up" "Mozilla/5.0 (Windows NT 10.0; Win64; x64) AppleWebKit/537.36 (KHTML, like Gecko) Chrome/114.0.21608.199 Safari/537.36 Avast/114.0.21608.199"
::1 - - [25/Jul/2023:18:15:10 +0000] "POST /users/create-session HTTP/1.1" 302 46 "http://localhost:8000/users/sign-in" "Mozilla/5.0 (Windows NT 10.0; Win64; x64) AppleWebKit/537.36 (KHTML, like Gecko) Chrome/114.0.21608.199 Safari/537.36 Avast/114.0.21608.199"
::1 - - [25/Jul/2023:18:15:10 +0000] "GET / HTTP/1.1" 200 7524 "http://localhost:8000/users/sign-in" "Mozilla/5.0 (Windows NT 10.0; Win64; x64) AppleWebKit/537.36 (KHTML, like Gecko) Chrome/114.0.21608.199 Safari/537.36 Avast/114.0.21608.199"
::1 - - [25/Jul/2023:18:15:15 +0000] "POST /posts/create HTTP/1.1" 200 261 "http://localhost:8000/" "Mozilla/5.0 (Windows NT 10.0; Win64; x64) AppleWebKit/537.36 (KHTML, like Gecko) Chrome/114.0.21608.199 Safari/537.36 Avast/114.0.21608.199"
::1 - - [25/Jul/2023:18:15:27 +0000] "GET / HTTP/1.1" 200 9631 "http://localhost:8000/users/sign-in" "Mozilla/5.0 (Windows NT 10.0; Win64; x64) AppleWebKit/537.36 (KHTML, like Gecko) Chrome/114.0.21608.199 Safari/537.36 Avast/114.0.21608.199"
::1 - - [25/Jul/2023:18:15:27 +0000] "POST /comments/create HTTP/1.1" - - "http://localhost:8000/" "Mozilla/5.0 (Windows NT 10.0; Win64; x64) AppleWebKit/537.36 (KHTML, like Gecko) Chrome/114.0.21608.199 Safari/537.36 Avast/114.0.21608.199"
::1 - - [25/Jul/2023:18:15:29 +0000] "POST /likes/toggle/?id=64c0113df3a684a64b088f43&type=Comment HTTP/1.1" 200 58 "http://localhost:8000/" "Mozilla/5.0 (Windows NT 10.0; Win64; x64) AppleWebKit/537.36 (KHTML, like Gecko) Chrome/114.0.21608.199 Safari/537.36 Avast/114.0.21608.199"
::1 - - [25/Jul/2023:18:15:30 +0000] "POST /likes/toggle/?id=64c01133f3a684a64b088f3e&type=Post HTTP/1.1" 200 58 "http://localhost:8000/" "Mozilla/5.0 (Windows NT 10.0; Win64; x64) AppleWebKit/537.36 (KHTML, like Gecko) Chrome/114.0.21608.199 Safari/537.36 Avast/114.0.21608.199"
::1 - - [25/Jul/2023:18:15:31 +0000] "POST /likes/toggle/?id=64b8dcecc1a048a7604a6b87&type=Post HTTP/1.1" 200 58 "http://localhost:8000/" "Mozilla/5.0 (Windows NT 10.0; Win64; x64) AppleWebKit/537.36 (KHTML, like Gecko) Chrome/114.0.21608.199 Safari/537.36 Avast/114.0.21608.199"
::1 - - [25/Jul/2023:18:15:32 +0000] "POST /likes/toggle/?id=64b8dd00c1a048a7604a6b92&type=Comment HTTP/1.1" 200 58 "http://localhost:8000/" "Mozilla/5.0 (Windows NT 10.0; Win64; x64) AppleWebKit/537.36 (KHTML, like Gecko) Chrome/114.0.21608.199 Safari/537.36 Avast/114.0.21608.199"
