::ffff:192.168.105.1 - - [25/Jul/2023:18:35:54 +0000] "GET / HTTP/1.1" 200 6599 "-" "Avast Antivirus"
::ffff:192.168.105.1 - - [25/Jul/2023:18:35:54 +0000] "GET / HTTP/1.1" 200 6599 "-" "Avast Antivirus"
::1 - - [25/Jul/2023:18:44:54 +0000] "GET / HTTP/1.1" 200 9631 "http://localhost:8000/users/sign-in" "Mozilla/5.0 (Windows NT 10.0; Win64; x64) AppleWebKit/537.36 (KHTML, like Gecko) Chrome/114.0.21608.199 Safari/537.36 Avast/114.0.21608.199"
::1 - - [25/Jul/2023:18:45:09 +0000] "POST /likes/toggle/?id=64c0113df3a684a64b088f43&type=Comment HTTP/1.1" 200 57 "http://localhost:8000/" "Mozilla/5.0 (Windows NT 10.0; Win64; x64) AppleWebKit/537.36 (KHTML, like Gecko) Chrome/114.0.21608.199 Safari/537.36 Avast/114.0.21608.199"
::1 - - [25/Jul/2023:18:45:10 +0000] "POST /likes/toggle/?id=64c01133f3a684a64b088f3e&type=Post HTTP/1.1" 200 57 "http://localhost:8000/" "Mozilla/5.0 (Windows NT 10.0; Win64; x64) AppleWebKit/537.36 (KHTML, like Gecko) Chrome/114.0.21608.199 Safari/537.36 Avast/114.0.21608.199"
::1 - - [25/Jul/2023:18:45:10 +0000] "POST /likes/toggle/?id=64c01133f3a684a64b088f3e&type=Post HTTP/1.1" 200 58 "http://localhost:8000/" "Mozilla/5.0 (Windows NT 10.0; Win64; x64) AppleWebKit/537.36 (KHTML, like Gecko) Chrome/114.0.21608.199 Safari/537.36 Avast/114.0.21608.199"
::1 - - [25/Jul/2023:18:45:11 +0000] "POST /likes/toggle/?id=64c0113df3a684a64b088f43&type=Comment HTTP/1.1" 200 58 "http://localhost:8000/" "Mozilla/5.0 (Windows NT 10.0; Win64; x64) AppleWebKit/537.36 (KHTML, like Gecko) Chrome/114.0.21608.199 Safari/537.36 Avast/114.0.21608.199"
::1 - - [25/Jul/2023:19:16:07 +0000] "GET / HTTP/1.1" 304 - "http://localhost:8000/users/sign-in" "Mozilla/5.0 (Windows NT 10.0; Win64; x64) AppleWebKit/537.36 (KHTML, like Gecko) Chrome/114.0.21608.199 Safari/537.36 Avast/114.0.21608.199"
::1 - - [25/Jul/2023:19:16:11 +0000] "GET /users/profile/64c01126f3a684a64b088f34 HTTP/1.1" 500 2228 "http://localhost:8000/" "Mozilla/5.0 (Windows NT 10.0; Win64; x64) AppleWebKit/537.36 (KHTML, like Gecko) Chrome/114.0.21608.199 Safari/537.36 Avast/114.0.21608.199"
::1 - - [25/Jul/2023:19:17:51 +0000] "GET /users/profile/64c01126f3a684a64b088f34 HTTP/1.1" 500 2229 "http://localhost:8000/" "Mozilla/5.0 (Windows NT 10.0; Win64; x64) AppleWebKit/537.36 (KHTML, like Gecko) Chrome/114.0.21608.199 Safari/537.36 Avast/114.0.21608.199"
::1 - - [25/Jul/2023:19:17:54 +0000] "GET / HTTP/1.1" 304 - "http://localhost:8000/users/sign-in" "Mozilla/5.0 (Windows NT 10.0; Win64; x64) AppleWebKit/537.36 (KHTML, like Gecko) Chrome/114.0.21608.199 Safari/537.36 Avast/114.0.21608.199"
::1 - - [25/Jul/2023:19:17:55 +0000] "GET / HTTP/1.1" 304 - "http://localhost:8000/users/sign-in" "Mozilla/5.0 (Windows NT 10.0; Win64; x64) AppleWebKit/537.36 (KHTML, like Gecko) Chrome/114.0.21608.199 Safari/537.36 Avast/114.0.21608.199"
::1 - - [25/Jul/2023:19:17:56 +0000] "GET /users/profile/64c01126f3a684a64b088f34 HTTP/1.1" 500 2229 "http://localhost:8000/" "Mozilla/5.0 (Windows NT 10.0; Win64; x64) AppleWebKit/537.36 (KHTML, like Gecko) Chrome/114.0.21608.199 Safari/537.36 Avast/114.0.21608.199"
::1 - - [25/Jul/2023:19:19:07 +0000] "GET /users/profile HTTP/1.1" 302 46 "http://localhost:8000/" "Mozilla/5.0 (Windows NT 10.0; Win64; x64) AppleWebKit/537.36 (KHTML, like Gecko) Chrome/114.0.21608.199 Safari/537.36 Avast/114.0.21608.199"
::1 - - [25/Jul/2023:19:19:07 +0000] "GET / HTTP/1.1" 304 - "http://localhost:8000/" "Mozilla/5.0 (Windows NT 10.0; Win64; x64) AppleWebKit/537.36 (KHTML, like Gecko) Chrome/114.0.21608.199 Safari/537.36 Avast/114.0.21608.199"
::1 - - [25/Jul/2023:19:20:06 +0000] "GET / HTTP/1.1" 304 - "http://localhost:8000/" "Mozilla/5.0 (Windows NT 10.0; Win64; x64) AppleWebKit/537.36 (KHTML, like Gecko) Chrome/114.0.21608.199 Safari/537.36 Avast/114.0.21608.199"
::1 - - [27/Jul/2023:16:29:15 +0000] "GET / HTTP/1.1" 200 6599 "-" "Mozilla/5.0 (Windows NT 10.0; Win64; x64) AppleWebKit/537.36 (KHTML, like Gecko) Chrome/114.0.21608.199 Safari/537.36 Avast/114.0.21608.199"
::1 - - [27/Jul/2023:16:29:16 +0000] "GET /favicon.ico HTTP/1.1" 404 150 "http://localhost:8000/" "Mozilla/5.0 (Windows NT 10.0; Win64; x64) AppleWebKit/537.36 (KHTML, like Gecko) Chrome/114.0.21608.199 Safari/537.36 Avast/114.0.21608.199"
::1 - - [27/Jul/2023:16:35:43 +0000] "GET / HTTP/1.1" 304 - "-" "Mozilla/5.0 (Windows NT 10.0; Win64; x64) AppleWebKit/537.36 (KHTML, like Gecko) Chrome/114.0.21608.199 Safari/537.36 Avast/114.0.21608.199"
::1 - - [27/Jul/2023:16:35:46 +0000] "GET /users/sign-in HTTP/1.1" 304 - "http://localhost:8000/" "Mozilla/5.0 (Windows NT 10.0; Win64; x64) AppleWebKit/537.36 (KHTML, like Gecko) Chrome/114.0.21608.199 Safari/537.36 Avast/114.0.21608.199"
::1 - - [27/Jul/2023:16:35:52 +0000] "POST /users/create-session HTTP/1.1" 302 46 "http://localhost:8000/users/sign-in" "Mozilla/5.0 (Windows NT 10.0; Win64; x64) AppleWebKit/537.36 (KHTML, like Gecko) Chrome/114.0.21608.199 Safari/537.36 Avast/114.0.21608.199"
::1 - - [27/Jul/2023:16:35:52 +0000] "GET / HTTP/1.1" 200 9994 "http://localhost:8000/users/sign-in" "Mozilla/5.0 (Windows NT 10.0; Win64; x64) AppleWebKit/537.36 (KHTML, like Gecko) Chrome/114.0.21608.199 Safari/537.36 Avast/114.0.21608.199"
::1 - - [27/Jul/2023:16:55:55 +0000] "GET / HTTP/1.1" 500 2153 "http://localhost:8000/users/sign-in" "Mozilla/5.0 (Windows NT 10.0; Win64; x64) AppleWebKit/537.36 (KHTML, like Gecko) Chrome/114.0.21608.199 Safari/537.36 Avast/114.0.21608.199"
::1 - - [27/Jul/2023:16:56:08 +0000] "GET / HTTP/1.1" 500 2153 "-" "Mozilla/5.0 (Windows NT 10.0; Win64; x64) AppleWebKit/537.36 (KHTML, like Gecko) Chrome/114.0.21608.199 Safari/537.36 Avast/114.0.21608.199"
::1 - - [27/Jul/2023:16:57:24 +0000] "GET / HTTP/1.1" 500 2153 "-" "Mozilla/5.0 (Windows NT 10.0; Win64; x64) AppleWebKit/537.36 (KHTML, like Gecko) Chrome/114.0.21608.199 Safari/537.36 Avast/114.0.21608.199"
::1 - - [27/Jul/2023:16:57:25 +0000] "GET / HTTP/1.1" 500 2153 "-" "Mozilla/5.0 (Windows NT 10.0; Win64; x64) AppleWebKit/537.36 (KHTML, like Gecko) Chrome/114.0.21608.199 Safari/537.36 Avast/114.0.21608.199"
::1 - - [27/Jul/2023:16:57:31 +0000] "GET / HTTP/1.1" 500 2153 "-" "Mozilla/5.0 (Windows NT 10.0; Win64; x64) AppleWebKit/537.36 (KHTML, like Gecko) Chrome/114.0.21608.199 Safari/537.36 Avast/114.0.21608.199"
::1 - - [27/Jul/2023:17:02:32 +0000] "GET / HTTP/1.1" 500 2272 "-" "Mozilla/5.0 (Windows NT 10.0; Win64; x64) AppleWebKit/537.36 (KHTML, like Gecko) Chrome/114.0.21608.199 Safari/537.36 Avast/114.0.21608.199"
::1 - - [27/Jul/2023:17:02:37 +0000] "GET / HTTP/1.1" 500 2272 "-" "Mozilla/5.0 (Windows NT 10.0; Win64; x64) AppleWebKit/537.36 (KHTML, like Gecko) Chrome/114.0.21608.199 Safari/537.36 Avast/114.0.21608.199"
::1 - - [27/Jul/2023:17:02:42 +0000] "GET / HTTP/1.1" 500 2272 "-" "Mozilla/5.0 (Windows NT 10.0; Win64; x64) AppleWebKit/537.36 (KHTML, like Gecko) Chrome/114.0.21608.199 Safari/537.36 Avast/114.0.21608.199"
::1 - - [27/Jul/2023:17:12:23 +0000] "GET / HTTP/1.1" 500 2272 "-" "Mozilla/5.0 (Windows NT 10.0; Win64; x64) AppleWebKit/537.36 (KHTML, like Gecko) Chrome/114.0.21608.199 Safari/537.36 Avast/114.0.21608.199"
::1 - - [27/Jul/2023:17:14:44 +0000] "GET / HTTP/1.1" 500 2272 "-" "Mozilla/5.0 (Windows NT 10.0; Win64; x64) AppleWebKit/537.36 (KHTML, like Gecko) Chrome/114.0.21608.199 Safari/537.36 Avast/114.0.21608.199"
::1 - - [27/Jul/2023:17:30:16 +0000] "GET / HTTP/1.1" 500 2275 "-" "Mozilla/5.0 (Windows NT 10.0; Win64; x64) AppleWebKit/537.36 (KHTML, like Gecko) Chrome/114.0.21608.199 Safari/537.36 Avast/114.0.21608.199"
::1 - - [27/Jul/2023:17:30:20 +0000] "GET / HTTP/1.1" 500 2275 "-" "Mozilla/5.0 (Windows NT 10.0; Win64; x64) AppleWebKit/537.36 (KHTML, like Gecko) Chrome/114.0.21608.199 Safari/537.36 Avast/114.0.21608.199"
::1 - - [27/Jul/2023:17:30:21 +0000] "GET / HTTP/1.1" 500 2275 "-" "Mozilla/5.0 (Windows NT 10.0; Win64; x64) AppleWebKit/537.36 (KHTML, like Gecko) Chrome/114.0.21608.199 Safari/537.36 Avast/114.0.21608.199"
::1 - - [27/Jul/2023:17:31:40 +0000] "GET / HTTP/1.1" 500 2272 "-" "Mozilla/5.0 (Windows NT 10.0; Win64; x64) AppleWebKit/537.36 (KHTML, like Gecko) Chrome/114.0.21608.199 Safari/537.36 Avast/114.0.21608.199"
::1 - - [27/Jul/2023:17:31:41 +0000] "GET / HTTP/1.1" 500 2272 "-" "Mozilla/5.0 (Windows NT 10.0; Win64; x64) AppleWebKit/537.36 (KHTML, like Gecko) Chrome/114.0.21608.199 Safari/537.36 Avast/114.0.21608.199"
::1 - - [27/Jul/2023:17:33:58 +0000] "GET / HTTP/1.1" 500 2272 "-" "Mozilla/5.0 (Windows NT 10.0; Win64; x64) AppleWebKit/537.36 (KHTML, like Gecko) Chrome/114.0.21608.199 Safari/537.36 Avast/114.0.21608.199"
::1 - - [27/Jul/2023:17:33:59 +0000] "GET / HTTP/1.1" 500 2272 "-" "Mozilla/5.0 (Windows NT 10.0; Win64; x64) AppleWebKit/537.36 (KHTML, like Gecko) Chrome/114.0.21608.199 Safari/537.36 Avast/114.0.21608.199"
::1 - - [27/Jul/2023:17:33:59 +0000] "GET / HTTP/1.1" 500 2272 "-" "Mozilla/5.0 (Windows NT 10.0; Win64; x64) AppleWebKit/537.36 (KHTML, like Gecko) Chrome/114.0.21608.199 Safari/537.36 Avast/114.0.21608.199"
::1 - - [27/Jul/2023:17:33:59 +0000] "GET / HTTP/1.1" 500 2272 "-" "Mozilla/5.0 (Windows NT 10.0; Win64; x64) AppleWebKit/537.36 (KHTML, like Gecko) Chrome/114.0.21608.199 Safari/537.36 Avast/114.0.21608.199"
::1 - - [27/Jul/2023:17:33:59 +0000] "GET / HTTP/1.1" 500 2272 "-" "Mozilla/5.0 (Windows NT 10.0; Win64; x64) AppleWebKit/537.36 (KHTML, like Gecko) Chrome/114.0.21608.199 Safari/537.36 Avast/114.0.21608.199"
::1 - - [27/Jul/2023:17:34:00 +0000] "GET / HTTP/1.1" 500 2272 "-" "Mozilla/5.0 (Windows NT 10.0; Win64; x64) AppleWebKit/537.36 (KHTML, like Gecko) Chrome/114.0.21608.199 Safari/537.36 Avast/114.0.21608.199"
::1 - - [27/Jul/2023:17:34:00 +0000] "GET / HTTP/1.1" 500 2272 "-" "Mozilla/5.0 (Windows NT 10.0; Win64; x64) AppleWebKit/537.36 (KHTML, like Gecko) Chrome/114.0.21608.199 Safari/537.36 Avast/114.0.21608.199"
::1 - - [27/Jul/2023:17:34:00 +0000] "GET / HTTP/1.1" 500 2272 "-" "Mozilla/5.0 (Windows NT 10.0; Win64; x64) AppleWebKit/537.36 (KHTML, like Gecko) Chrome/114.0.21608.199 Safari/537.36 Avast/114.0.21608.199"
::1 - - [27/Jul/2023:17:34:00 +0000] "GET / HTTP/1.1" 500 2272 "-" "Mozilla/5.0 (Windows NT 10.0; Win64; x64) AppleWebKit/537.36 (KHTML, like Gecko) Chrome/114.0.21608.199 Safari/537.36 Avast/114.0.21608.199"
::1 - - [27/Jul/2023:17:38:10 +0000] "GET / HTTP/1.1" 500 2272 "-" "Mozilla/5.0 (Windows NT 10.0; Win64; x64) AppleWebKit/537.36 (KHTML, like Gecko) Chrome/114.0.21608.199 Safari/537.36 Avast/114.0.21608.199"
::1 - - [27/Jul/2023:17:45:28 +0000] "GET / HTTP/1.1" 200 9654 "-" "Mozilla/5.0 (Windows NT 10.0; Win64; x64) AppleWebKit/537.36 (KHTML, like Gecko) Chrome/114.0.21608.199 Safari/537.36 Avast/114.0.21608.199"
::1 - - [27/Jul/2023:17:45:28 +0000] "GET /css/layout-6a0c73ee31.css HTTP/1.1" 404 164 "http://localhost:8000/" "Mozilla/5.0 (Windows NT 10.0; Win64; x64) AppleWebKit/537.36 (KHTML, like Gecko) Chrome/114.0.21608.199 Safari/537.36 Avast/114.0.21608.199"
::1 - - [27/Jul/2023:17:45:28 +0000] "GET /css/header-e369a7a893.css HTTP/1.1" 404 164 "http://localhost:8000/" "Mozilla/5.0 (Windows NT 10.0; Win64; x64) AppleWebKit/537.36 (KHTML, like Gecko) Chrome/114.0.21608.199 Safari/537.36 Avast/114.0.21608.199"
::1 - - [27/Jul/2023:17:45:28 +0000] "GET /css/footer-80b8801692.css HTTP/1.1" 404 164 "http://localhost:8000/" "Mozilla/5.0 (Windows NT 10.0; Win64; x64) AppleWebKit/537.36 (KHTML, like Gecko) Chrome/114.0.21608.199 Safari/537.36 Avast/114.0.21608.199"
::1 - - [27/Jul/2023:17:47:50 +0000] "GET / HTTP/1.1" 304 - "-" "Mozilla/5.0 (Windows NT 10.0; Win64; x64) AppleWebKit/537.36 (KHTML, like Gecko) Chrome/114.0.21608.199 Safari/537.36 Avast/114.0.21608.199"
::1 - - [27/Jul/2023:17:47:50 +0000] "GET /css/header-e369a7a893.css HTTP/1.1" 404 164 "http://localhost:8000/" "Mozilla/5.0 (Windows NT 10.0; Win64; x64) AppleWebKit/537.36 (KHTML, like Gecko) Chrome/114.0.21608.199 Safari/537.36 Avast/114.0.21608.199"
::1 - - [27/Jul/2023:17:47:51 +0000] "GET /css/footer-80b8801692.css HTTP/1.1" 404 164 "http://localhost:8000/" "Mozilla/5.0 (Windows NT 10.0; Win64; x64) AppleWebKit/537.36 (KHTML, like Gecko) Chrome/114.0.21608.199 Safari/537.36 Avast/114.0.21608.199"
::1 - - [27/Jul/2023:17:47:51 +0000] "GET /css/layout-6a0c73ee31.css HTTP/1.1" 404 164 "http://localhost:8000/" "Mozilla/5.0 (Windows NT 10.0; Win64; x64) AppleWebKit/537.36 (KHTML, like Gecko) Chrome/114.0.21608.199 Safari/537.36 Avast/114.0.21608.199"
::1 - - [27/Jul/2023:17:47:51 +0000] "GET /css/footer-80b8801692.css HTTP/1.1" 404 164 "http://localhost:8000/" "Mozilla/5.0 (Windows NT 10.0; Win64; x64) AppleWebKit/537.36 (KHTML, like Gecko) Chrome/114.0.21608.199 Safari/537.36 Avast/114.0.21608.199"
::1 - - [27/Jul/2023:17:47:51 +0000] "GET /css/header-e369a7a893.css HTTP/1.1" 404 164 "http://localhost:8000/" "Mozilla/5.0 (Windows NT 10.0; Win64; x64) AppleWebKit/537.36 (KHTML, like Gecko) Chrome/114.0.21608.199 Safari/537.36 Avast/114.0.21608.199"
::1 - - [27/Jul/2023:17:47:51 +0000] "GET / HTTP/1.1" 304 - "-" "Mozilla/5.0 (Windows NT 10.0; Win64; x64) AppleWebKit/537.36 (KHTML, like Gecko) Chrome/114.0.21608.199 Safari/537.36 Avast/114.0.21608.199"
::1 - - [27/Jul/2023:17:47:52 +0000] "GET /css/layout-6a0c73ee31.css HTTP/1.1" 404 164 "http://localhost:8000/" "Mozilla/5.0 (Windows NT 10.0; Win64; x64) AppleWebKit/537.36 (KHTML, like Gecko) Chrome/114.0.21608.199 Safari/537.36 Avast/114.0.21608.199"
::1 - - [27/Jul/2023:17:47:52 +0000] "GET /css/header-e369a7a893.css HTTP/1.1" 404 164 "http://localhost:8000/" "Mozilla/5.0 (Windows NT 10.0; Win64; x64) AppleWebKit/537.36 (KHTML, like Gecko) Chrome/114.0.21608.199 Safari/537.36 Avast/114.0.21608.199"
::1 - - [27/Jul/2023:17:47:52 +0000] "GET /css/footer-80b8801692.css HTTP/1.1" 404 164 "http://localhost:8000/" "Mozilla/5.0 (Windows NT 10.0; Win64; x64) AppleWebKit/537.36 (KHTML, like Gecko) Chrome/114.0.21608.199 Safari/537.36 Avast/114.0.21608.199"
::1 - - [27/Jul/2023:17:47:54 +0000] "GET /users/sign-out HTTP/1.1" 302 46 "http://localhost:8000/" "Mozilla/5.0 (Windows NT 10.0; Win64; x64) AppleWebKit/537.36 (KHTML, like Gecko) Chrome/114.0.21608.199 Safari/537.36 Avast/114.0.21608.199"
::1 - - [27/Jul/2023:17:47:54 +0000] "GET / HTTP/1.1" 200 6979 "http://localhost:8000/" "Mozilla/5.0 (Windows NT 10.0; Win64; x64) AppleWebKit/537.36 (KHTML, like Gecko) Chrome/114.0.21608.199 Safari/537.36 Avast/114.0.21608.199"
::1 - - [27/Jul/2023:17:47:55 +0000] "GET /css/layout-6a0c73ee31.css HTTP/1.1" 404 164 "http://localhost:8000/" "Mozilla/5.0 (Windows NT 10.0; Win64; x64) AppleWebKit/537.36 (KHTML, like Gecko) Chrome/114.0.21608.199 Safari/537.36 Avast/114.0.21608.199"
::1 - - [27/Jul/2023:17:47:55 +0000] "GET /css/header-e369a7a893.css HTTP/1.1" 404 164 "http://localhost:8000/" "Mozilla/5.0 (Windows NT 10.0; Win64; x64) AppleWebKit/537.36 (KHTML, like Gecko) Chrome/114.0.21608.199 Safari/537.36 Avast/114.0.21608.199"
::1 - - [27/Jul/2023:17:47:55 +0000] "GET /css/footer-80b8801692.css HTTP/1.1" 404 164 "http://localhost:8000/" "Mozilla/5.0 (Windows NT 10.0; Win64; x64) AppleWebKit/537.36 (KHTML, like Gecko) Chrome/114.0.21608.199 Safari/537.36 Avast/114.0.21608.199"
::1 - - [27/Jul/2023:17:47:59 +0000] "GET /users/sign-in HTTP/1.1" 200 2622 "http://localhost:8000/" "Mozilla/5.0 (Windows NT 10.0; Win64; x64) AppleWebKit/537.36 (KHTML, like Gecko) Chrome/114.0.21608.199 Safari/537.36 Avast/114.0.21608.199"
::1 - - [27/Jul/2023:17:47:59 +0000] "GET /css/layout-6a0c73ee31.css HTTP/1.1" 404 164 "http://localhost:8000/users/sign-in" "Mozilla/5.0 (Windows NT 10.0; Win64; x64) AppleWebKit/537.36 (KHTML, like Gecko) Chrome/114.0.21608.199 Safari/537.36 Avast/114.0.21608.199"
::1 - - [27/Jul/2023:17:47:59 +0000] "GET /css/header-e369a7a893.css HTTP/1.1" 404 164 "http://localhost:8000/users/sign-in" "Mozilla/5.0 (Windows NT 10.0; Win64; x64) AppleWebKit/537.36 (KHTML, like Gecko) Chrome/114.0.21608.199 Safari/537.36 Avast/114.0.21608.199"
::1 - - [27/Jul/2023:17:47:59 +0000] "GET /css/footer-80b8801692.css HTTP/1.1" 404 164 "http://localhost:8000/users/sign-in" "Mozilla/5.0 (Windows NT 10.0; Win64; x64) AppleWebKit/537.36 (KHTML, like Gecko) Chrome/114.0.21608.199 Safari/537.36 Avast/114.0.21608.199"
::1 - - [27/Jul/2023:17:48:03 +0000] "GET /users/sign-in HTTP/1.1" 304 - "http://localhost:8000/" "Mozilla/5.0 (Windows NT 10.0; Win64; x64) AppleWebKit/537.36 (KHTML, like Gecko) Chrome/114.0.21608.199 Safari/537.36 Avast/114.0.21608.199"
::1 - - [27/Jul/2023:17:48:03 +0000] "GET /css/layout-6a0c73ee31.css HTTP/1.1" 404 164 "http://localhost:8000/users/sign-in" "Mozilla/5.0 (Windows NT 10.0; Win64; x64) AppleWebKit/537.36 (KHTML, like Gecko) Chrome/114.0.21608.199 Safari/537.36 Avast/114.0.21608.199"
::1 - - [27/Jul/2023:17:48:03 +0000] "GET /css/header-e369a7a893.css HTTP/1.1" 404 164 "http://localhost:8000/users/sign-in" "Mozilla/5.0 (Windows NT 10.0; Win64; x64) AppleWebKit/537.36 (KHTML, like Gecko) Chrome/114.0.21608.199 Safari/537.36 Avast/114.0.21608.199"
::1 - - [27/Jul/2023:17:48:03 +0000] "GET /css/footer-80b8801692.css HTTP/1.1" 404 164 "http://localhost:8000/users/sign-in" "Mozilla/5.0 (Windows NT 10.0; Win64; x64) AppleWebKit/537.36 (KHTML, like Gecko) Chrome/114.0.21608.199 Safari/537.36 Avast/114.0.21608.199"
::1 - - [27/Jul/2023:17:48:09 +0000] "POST /users/create-session HTTP/1.1" 302 46 "http://localhost:8000/users/sign-in" "Mozilla/5.0 (Windows NT 10.0; Win64; x64) AppleWebKit/537.36 (KHTML, like Gecko) Chrome/114.0.21608.199 Safari/537.36 Avast/114.0.21608.199"
::1 - - [27/Jul/2023:17:48:09 +0000] "GET / HTTP/1.1" 200 10017 "http://localhost:8000/users/sign-in" "Mozilla/5.0 (Windows NT 10.0; Win64; x64) AppleWebKit/537.36 (KHTML, like Gecko) Chrome/114.0.21608.199 Safari/537.36 Avast/114.0.21608.199"
::1 - - [27/Jul/2023:17:48:09 +0000] "GET /css/layout-6a0c73ee31.css HTTP/1.1" 404 164 "http://localhost:8000/" "Mozilla/5.0 (Windows NT 10.0; Win64; x64) AppleWebKit/537.36 (KHTML, like Gecko) Chrome/114.0.21608.199 Safari/537.36 Avast/114.0.21608.199"
::1 - - [27/Jul/2023:17:48:09 +0000] "GET /css/header-e369a7a893.css HTTP/1.1" 404 164 "http://localhost:8000/" "Mozilla/5.0 (Windows NT 10.0; Win64; x64) AppleWebKit/537.36 (KHTML, like Gecko) Chrome/114.0.21608.199 Safari/537.36 Avast/114.0.21608.199"
::1 - - [27/Jul/2023:17:48:09 +0000] "GET /css/footer-80b8801692.css HTTP/1.1" 404 164 "http://localhost:8000/" "Mozilla/5.0 (Windows NT 10.0; Win64; x64) AppleWebKit/537.36 (KHTML, like Gecko) Chrome/114.0.21608.199 Safari/537.36 Avast/114.0.21608.199"
::1 - - [27/Jul/2023:17:50:10 +0000] "GET / HTTP/1.1" 200 9654 "http://localhost:8000/users/sign-in" "Mozilla/5.0 (Windows NT 10.0; Win64; x64) AppleWebKit/537.36 (KHTML, like Gecko) Chrome/114.0.21608.199 Safari/537.36 Avast/114.0.21608.199"
::1 - - [27/Jul/2023:17:50:10 +0000] "GET /css/footer-80b8801692.css HTTP/1.1" 404 164 "http://localhost:8000/" "Mozilla/5.0 (Windows NT 10.0; Win64; x64) AppleWebKit/537.36 (KHTML, like Gecko) Chrome/114.0.21608.199 Safari/537.36 Avast/114.0.21608.199"
::1 - - [27/Jul/2023:17:50:10 +0000] "GET /css/layout-6a0c73ee31.css HTTP/1.1" 404 164 "http://localhost:8000/" "Mozilla/5.0 (Windows NT 10.0; Win64; x64) AppleWebKit/537.36 (KHTML, like Gecko) Chrome/114.0.21608.199 Safari/537.36 Avast/114.0.21608.199"
::1 - - [27/Jul/2023:17:50:10 +0000] "GET /css/header-e369a7a893.css HTTP/1.1" 404 164 "http://localhost:8000/" "Mozilla/5.0 (Windows NT 10.0; Win64; x64) AppleWebKit/537.36 (KHTML, like Gecko) Chrome/114.0.21608.199 Safari/537.36 Avast/114.0.21608.199"
::1 - - [27/Jul/2023:17:50:11 +0000] "GET /css/header-e369a7a893.css HTTP/1.1" 404 164 "http://localhost:8000/" "Mozilla/5.0 (Windows NT 10.0; Win64; x64) AppleWebKit/537.36 (KHTML, like Gecko) Chrome/114.0.21608.199 Safari/537.36 Avast/114.0.21608.199"
::1 - - [27/Jul/2023:17:50:11 +0000] "GET /css/layout-6a0c73ee31.css HTTP/1.1" 404 164 "http://localhost:8000/" "Mozilla/5.0 (Windows NT 10.0; Win64; x64) AppleWebKit/537.36 (KHTML, like Gecko) Chrome/114.0.21608.199 Safari/537.36 Avast/114.0.21608.199"
::1 - - [27/Jul/2023:17:50:11 +0000] "GET /css/footer-80b8801692.css HTTP/1.1" 404 164 "http://localhost:8000/" "Mozilla/5.0 (Windows NT 10.0; Win64; x64) AppleWebKit/537.36 (KHTML, like Gecko) Chrome/114.0.21608.199 Safari/537.36 Avast/114.0.21608.199"
::1 - - [27/Jul/2023:17:50:26 +0000] "GET / HTTP/1.1" 304 - "http://localhost:8000/users/sign-in" "Mozilla/5.0 (Windows NT 10.0; Win64; x64) AppleWebKit/537.36 (KHTML, like Gecko) Chrome/114.0.21608.199 Safari/537.36 Avast/114.0.21608.199"
::1 - - [27/Jul/2023:17:50:26 +0000] "GET /css/layout-6a0c73ee31.css HTTP/1.1" 404 164 "http://localhost:8000/" "Mozilla/5.0 (Windows NT 10.0; Win64; x64) AppleWebKit/537.36 (KHTML, like Gecko) Chrome/114.0.21608.199 Safari/537.36 Avast/114.0.21608.199"
::1 - - [27/Jul/2023:17:50:26 +0000] "GET /css/header-e369a7a893.css HTTP/1.1" 404 164 "http://localhost:8000/" "Mozilla/5.0 (Windows NT 10.0; Win64; x64) AppleWebKit/537.36 (KHTML, like Gecko) Chrome/114.0.21608.199 Safari/537.36 Avast/114.0.21608.199"
::1 - - [27/Jul/2023:17:50:26 +0000] "GET /css/footer-80b8801692.css HTTP/1.1" 404 164 "http://localhost:8000/" "Mozilla/5.0 (Windows NT 10.0; Win64; x64) AppleWebKit/537.36 (KHTML, like Gecko) Chrome/114.0.21608.199 Safari/537.36 Avast/114.0.21608.199"
::1 - - [27/Jul/2023:17:50:26 +0000] "GET /css/layout-6a0c73ee31.css HTTP/1.1" 404 164 "http://localhost:8000/" "Mozilla/5.0 (Windows NT 10.0; Win64; x64) AppleWebKit/537.36 (KHTML, like Gecko) Chrome/114.0.21608.199 Safari/537.36 Avast/114.0.21608.199"
::1 - - [27/Jul/2023:17:50:26 +0000] "GET /css/header-e369a7a893.css HTTP/1.1" 404 164 "http://localhost:8000/" "Mozilla/5.0 (Windows NT 10.0; Win64; x64) AppleWebKit/537.36 (KHTML, like Gecko) Chrome/114.0.21608.199 Safari/537.36 Avast/114.0.21608.199"
::1 - - [27/Jul/2023:17:50:26 +0000] "GET /css/footer-80b8801692.css HTTP/1.1" 404 164 "http://localhost:8000/" "Mozilla/5.0 (Windows NT 10.0; Win64; x64) AppleWebKit/537.36 (KHTML, like Gecko) Chrome/114.0.21608.199 Safari/537.36 Avast/114.0.21608.199"
::1 - - [27/Jul/2023:17:50:38 +0000] "GET /users/sign-out HTTP/1.1" 302 46 "http://localhost:8000/" "Mozilla/5.0 (Windows NT 10.0; Win64; x64) AppleWebKit/537.36 (KHTML, like Gecko) Chrome/114.0.21608.199 Safari/537.36 Avast/114.0.21608.199"
::1 - - [27/Jul/2023:17:50:39 +0000] "GET / HTTP/1.1" 200 6979 "http://localhost:8000/" "Mozilla/5.0 (Windows NT 10.0; Win64; x64) AppleWebKit/537.36 (KHTML, like Gecko) Chrome/114.0.21608.199 Safari/537.36 Avast/114.0.21608.199"
::1 - - [27/Jul/2023:17:50:39 +0000] "GET /css/layout-6a0c73ee31.css HTTP/1.1" 404 164 "http://localhost:8000/" "Mozilla/5.0 (Windows NT 10.0; Win64; x64) AppleWebKit/537.36 (KHTML, like Gecko) Chrome/114.0.21608.199 Safari/537.36 Avast/114.0.21608.199"
::1 - - [27/Jul/2023:17:50:39 +0000] "GET /css/header-e369a7a893.css HTTP/1.1" 404 164 "http://localhost:8000/" "Mozilla/5.0 (Windows NT 10.0; Win64; x64) AppleWebKit/537.36 (KHTML, like Gecko) Chrome/114.0.21608.199 Safari/537.36 Avast/114.0.21608.199"
::1 - - [27/Jul/2023:17:50:39 +0000] "GET /css/footer-80b8801692.css HTTP/1.1" 404 164 "http://localhost:8000/" "Mozilla/5.0 (Windows NT 10.0; Win64; x64) AppleWebKit/537.36 (KHTML, like Gecko) Chrome/114.0.21608.199 Safari/537.36 Avast/114.0.21608.199"
::1 - - [27/Jul/2023:17:50:43 +0000] "GET /users/sign-in HTTP/1.1" 304 - "http://localhost:8000/" "Mozilla/5.0 (Windows NT 10.0; Win64; x64) AppleWebKit/537.36 (KHTML, like Gecko) Chrome/114.0.21608.199 Safari/537.36 Avast/114.0.21608.199"
::1 - - [27/Jul/2023:17:50:43 +0000] "GET /css/layout-6a0c73ee31.css HTTP/1.1" 404 164 "http://localhost:8000/users/sign-in" "Mozilla/5.0 (Windows NT 10.0; Win64; x64) AppleWebKit/537.36 (KHTML, like Gecko) Chrome/114.0.21608.199 Safari/537.36 Avast/114.0.21608.199"
::1 - - [27/Jul/2023:17:50:43 +0000] "GET /css/header-e369a7a893.css HTTP/1.1" 404 164 "http://localhost:8000/users/sign-in" "Mozilla/5.0 (Windows NT 10.0; Win64; x64) AppleWebKit/537.36 (KHTML, like Gecko) Chrome/114.0.21608.199 Safari/537.36 Avast/114.0.21608.199"
::1 - - [27/Jul/2023:17:50:43 +0000] "GET /css/footer-80b8801692.css HTTP/1.1" 404 164 "http://localhost:8000/users/sign-in" "Mozilla/5.0 (Windows NT 10.0; Win64; x64) AppleWebKit/537.36 (KHTML, like Gecko) Chrome/114.0.21608.199 Safari/537.36 Avast/114.0.21608.199"
::1 - - [27/Jul/2023:17:50:48 +0000] "GET /users/auth/google HTTP/1.1" 302 0 "http://localhost:8000/users/sign-in" "Mozilla/5.0 (Windows NT 10.0; Win64; x64) AppleWebKit/537.36 (KHTML, like Gecko) Chrome/114.0.21608.199 Safari/537.36 Avast/114.0.21608.199"
::1 - - [27/Jul/2023:17:50:56 +0000] "GET /users/sign-in HTTP/1.1" 304 - "http://localhost:8000/users/sign-in" "Mozilla/5.0 (Windows NT 10.0; Win64; x64) AppleWebKit/537.36 (KHTML, like Gecko) Chrome/114.0.21608.199 Safari/537.36 Avast/114.0.21608.199"
::1 - - [27/Jul/2023:17:50:56 +0000] "GET /css/layout-6a0c73ee31.css HTTP/1.1" 404 164 "http://localhost:8000/users/sign-in" "Mozilla/5.0 (Windows NT 10.0; Win64; x64) AppleWebKit/537.36 (KHTML, like Gecko) Chrome/114.0.21608.199 Safari/537.36 Avast/114.0.21608.199"
::1 - - [27/Jul/2023:17:50:56 +0000] "GET /css/header-e369a7a893.css HTTP/1.1" 404 164 "http://localhost:8000/users/sign-in" "Mozilla/5.0 (Windows NT 10.0; Win64; x64) AppleWebKit/537.36 (KHTML, like Gecko) Chrome/114.0.21608.199 Safari/537.36 Avast/114.0.21608.199"
::1 - - [27/Jul/2023:17:50:56 +0000] "GET /css/footer-80b8801692.css HTTP/1.1" 404 164 "http://localhost:8000/users/sign-in" "Mozilla/5.0 (Windows NT 10.0; Win64; x64) AppleWebKit/537.36 (KHTML, like Gecko) Chrome/114.0.21608.199 Safari/537.36 Avast/114.0.21608.199"
::1 - - [27/Jul/2023:18:55:48 +0000] "GET / HTTP/1.1" 200 6622 "-" "Mozilla/5.0 (Windows NT 10.0; Win64; x64) AppleWebKit/537.36 (KHTML, like Gecko) Chrome/114.0.21608.199 Safari/537.36 Avast/114.0.21608.199"
::1 - - [27/Jul/2023:18:55:48 +0000] "GET /css/layout-6a0c73ee31.css HTTP/1.1" 404 164 "http://localhost:8000/" "Mozilla/5.0 (Windows NT 10.0; Win64; x64) AppleWebKit/537.36 (KHTML, like Gecko) Chrome/114.0.21608.199 Safari/537.36 Avast/114.0.21608.199"
::1 - - [27/Jul/2023:18:55:48 +0000] "GET /css/header-e369a7a893.css HTTP/1.1" 404 164 "http://localhost:8000/" "Mozilla/5.0 (Windows NT 10.0; Win64; x64) AppleWebKit/537.36 (KHTML, like Gecko) Chrome/114.0.21608.199 Safari/537.36 Avast/114.0.21608.199"
::1 - - [27/Jul/2023:18:55:48 +0000] "GET /css/footer-80b8801692.css HTTP/1.1" 404 164 "http://localhost:8000/" "Mozilla/5.0 (Windows NT 10.0; Win64; x64) AppleWebKit/537.36 (KHTML, like Gecko) Chrome/114.0.21608.199 Safari/537.36 Avast/114.0.21608.199"
::1 - - [27/Jul/2023:18:55:49 +0000] "GET /favicon.ico HTTP/1.1" 404 150 "http://localhost:8000/" "Mozilla/5.0 (Windows NT 10.0; Win64; x64) AppleWebKit/537.36 (KHTML, like Gecko) Chrome/114.0.21608.199 Safari/537.36 Avast/114.0.21608.199"
::1 - - [27/Jul/2023:18:55:52 +0000] "GET /users/sign-in HTTP/1.1" 304 - "http://localhost:8000/" "Mozilla/5.0 (Windows NT 10.0; Win64; x64) AppleWebKit/537.36 (KHTML, like Gecko) Chrome/114.0.21608.199 Safari/537.36 Avast/114.0.21608.199"
::1 - - [27/Jul/2023:18:55:54 +0000] "GET /css/layout-6a0c73ee31.css HTTP/1.1" 404 164 "http://localhost:8000/users/sign-in" "Mozilla/5.0 (Windows NT 10.0; Win64; x64) AppleWebKit/537.36 (KHTML, like Gecko) Chrome/114.0.21608.199 Safari/537.36 Avast/114.0.21608.199"
::1 - - [27/Jul/2023:18:55:54 +0000] "GET /css/header-e369a7a893.css HTTP/1.1" 404 164 "http://localhost:8000/users/sign-in" "Mozilla/5.0 (Windows NT 10.0; Win64; x64) AppleWebKit/537.36 (KHTML, like Gecko) Chrome/114.0.21608.199 Safari/537.36 Avast/114.0.21608.199"
::1 - - [27/Jul/2023:18:55:54 +0000] "GET /css/footer-80b8801692.css HTTP/1.1" 404 164 "http://localhost:8000/users/sign-in" "Mozilla/5.0 (Windows NT 10.0; Win64; x64) AppleWebKit/537.36 (KHTML, like Gecko) Chrome/114.0.21608.199 Safari/537.36 Avast/114.0.21608.199"
::1 - - [27/Jul/2023:18:56:00 +0000] "POST /users/create-session HTTP/1.1" 302 46 "http://localhost:8000/users/sign-in" "Mozilla/5.0 (Windows NT 10.0; Win64; x64) AppleWebKit/537.36 (KHTML, like Gecko) Chrome/114.0.21608.199 Safari/537.36 Avast/114.0.21608.199"
::1 - - [27/Jul/2023:18:56:00 +0000] "GET / HTTP/1.1" 200 10034 "http://localhost:8000/users/sign-in" "Mozilla/5.0 (Windows NT 10.0; Win64; x64) AppleWebKit/537.36 (KHTML, like Gecko) Chrome/114.0.21608.199 Safari/537.36 Avast/114.0.21608.199"
::1 - - [27/Jul/2023:18:56:01 +0000] "GET /css/layout-6a0c73ee31.css HTTP/1.1" 404 164 "http://localhost:8000/" "Mozilla/5.0 (Windows NT 10.0; Win64; x64) AppleWebKit/537.36 (KHTML, like Gecko) Chrome/114.0.21608.199 Safari/537.36 Avast/114.0.21608.199"
::1 - - [27/Jul/2023:18:56:01 +0000] "GET /css/header-e369a7a893.css HTTP/1.1" 404 164 "http://localhost:8000/" "Mozilla/5.0 (Windows NT 10.0; Win64; x64) AppleWebKit/537.36 (KHTML, like Gecko) Chrome/114.0.21608.199 Safari/537.36 Avast/114.0.21608.199"
::1 - - [27/Jul/2023:18:56:01 +0000] "GET /css/footer-80b8801692.css HTTP/1.1" 404 164 "http://localhost:8000/" "Mozilla/5.0 (Windows NT 10.0; Win64; x64) AppleWebKit/537.36 (KHTML, like Gecko) Chrome/114.0.21608.199 Safari/537.36 Avast/114.0.21608.199"
::1 - - [27/Jul/2023:18:56:44 +0000] "GET / HTTP/1.1" 500 1597 "http://localhost:8000/users/sign-in" "Mozilla/5.0 (Windows NT 10.0; Win64; x64) AppleWebKit/537.36 (KHTML, like Gecko) Chrome/114.0.21608.199 Safari/537.36 Avast/114.0.21608.199"
::1 - - [27/Jul/2023:18:57:13 +0000] "GET / HTTP/1.1" 200 9671 "http://localhost:8000/users/sign-in" "Mozilla/5.0 (Windows NT 10.0; Win64; x64) AppleWebKit/537.36 (KHTML, like Gecko) Chrome/114.0.21608.199 Safari/537.36 Avast/114.0.21608.199"
::1 - - [27/Jul/2023:18:57:13 +0000] "GET /css/header-e369a7a893.css HTTP/1.1" 404 164 "http://localhost:8000/" "Mozilla/5.0 (Windows NT 10.0; Win64; x64) AppleWebKit/537.36 (KHTML, like Gecko) Chrome/114.0.21608.199 Safari/537.36 Avast/114.0.21608.199"
::1 - - [27/Jul/2023:18:57:13 +0000] "GET /css/footer-80b8801692.css HTTP/1.1" 404 164 "http://localhost:8000/" "Mozilla/5.0 (Windows NT 10.0; Win64; x64) AppleWebKit/537.36 (KHTML, like Gecko) Chrome/114.0.21608.199 Safari/537.36 Avast/114.0.21608.199"
::1 - - [27/Jul/2023:18:57:13 +0000] "GET /css/layout-6a0c73ee31.css HTTP/1.1" 404 164 "http://localhost:8000/" "Mozilla/5.0 (Windows NT 10.0; Win64; x64) AppleWebKit/537.36 (KHTML, like Gecko) Chrome/114.0.21608.199 Safari/537.36 Avast/114.0.21608.199"
::1 - - [27/Jul/2023:18:57:13 +0000] "GET /css/header-e369a7a893.css HTTP/1.1" 404 164 "http://localhost:8000/" "Mozilla/5.0 (Windows NT 10.0; Win64; x64) AppleWebKit/537.36 (KHTML, like Gecko) Chrome/114.0.21608.199 Safari/537.36 Avast/114.0.21608.199"
::1 - - [27/Jul/2023:18:57:13 +0000] "GET /css/footer-80b8801692.css HTTP/1.1" 404 164 "http://localhost:8000/" "Mozilla/5.0 (Windows NT 10.0; Win64; x64) AppleWebKit/537.36 (KHTML, like Gecko) Chrome/114.0.21608.199 Safari/537.36 Avast/114.0.21608.199"
::1 - - [27/Jul/2023:18:58:41 +0000] "GET / HTTP/1.1" 200 9990 "http://localhost:8000/users/sign-in" "Mozilla/5.0 (Windows NT 10.0; Win64; x64) AppleWebKit/537.36 (KHTML, like Gecko) Chrome/114.0.21608.199 Safari/537.36 Avast/114.0.21608.199"
::1 - - [27/Jul/2023:18:58:48 +0000] "GET /users/sign-out HTTP/1.1" 302 46 "http://localhost:8000/" "Mozilla/5.0 (Windows NT 10.0; Win64; x64) AppleWebKit/537.36 (KHTML, like Gecko) Chrome/114.0.21608.199 Safari/537.36 Avast/114.0.21608.199"
::1 - - [27/Jul/2023:18:58:48 +0000] "GET / HTTP/1.1" 200 7298 "http://localhost:8000/" "Mozilla/5.0 (Windows NT 10.0; Win64; x64) AppleWebKit/537.36 (KHTML, like Gecko) Chrome/114.0.21608.199 Safari/537.36 Avast/114.0.21608.199"
::1 - - [27/Jul/2023:18:58:56 +0000] "GET /users/sign-in HTTP/1.1" 200 2941 "http://localhost:8000/" "Mozilla/5.0 (Windows NT 10.0; Win64; x64) AppleWebKit/537.36 (KHTML, like Gecko) Chrome/114.0.21608.199 Safari/537.36 Avast/114.0.21608.199"
::1 - - [27/Jul/2023:18:59:06 +0000] "POST /users/create-session HTTP/1.1" 302 46 "http://localhost:8000/users/sign-in" "Mozilla/5.0 (Windows NT 10.0; Win64; x64) AppleWebKit/537.36 (KHTML, like Gecko) Chrome/114.0.21608.199 Safari/537.36 Avast/114.0.21608.199"
::1 - - [27/Jul/2023:18:59:06 +0000] "GET / HTTP/1.1" 200 10336 "http://localhost:8000/users/sign-in" "Mozilla/5.0 (Windows NT 10.0; Win64; x64) AppleWebKit/537.36 (KHTML, like Gecko) Chrome/114.0.21608.199 Safari/537.36 Avast/114.0.21608.199"
::ffff:169.254.50.198 - - [27/Jul/2023:19:51:35 +0000] "GET / HTTP/1.1" 200 6941 "-" "Avast Antivirus"
::ffff:169.254.50.198 - - [27/Jul/2023:19:51:35 +0000] "GET / HTTP/1.1" 200 6941 "-" "Avast Antivirus"
::ffff:169.254.50.198 - - [27/Jul/2023:19:52:15 +0000] "GET /requested.html HTTP/1.1" 404 153 "-" "-"
::ffff:169.254.50.198 - - [27/Jul/2023:19:52:23 +0000] "GET /requested.html HTTP/1.1" 404 153 "-" "-"
::ffff:169.254.50.198 - - [27/Jul/2023:19:53:43 +0000] "GET / HTTP/1.1" 200 6941 "-" "Avast Antivirus"
::ffff:169.254.50.198 - - [27/Jul/2023:19:53:43 +0000] "GET / HTTP/1.1" 200 6941 "-" "Avast Antivirus"
::ffff:169.254.50.198 - - [27/Jul/2023:19:54:59 +0000] "GET / HTTP/1.1" 200 6941 "-" "Avast Antivirus"
::ffff:169.254.50.198 - - [27/Jul/2023:19:54:59 +0000] "GET / HTTP/1.1" 200 6941 "-" "Avast Antivirus"
::ffff:192.168.105.1 - - [27/Jul/2023:19:59:28 +0000] "GET / HTTP/1.1" 200 6941 "-" "Avast Antivirus"
::ffff:192.168.105.1 - - [27/Jul/2023:19:59:29 +0000] "GET / HTTP/1.1" 200 6941 "-" "Avast Antivirus"
::ffff:192.168.105.1 - - [27/Jul/2023:20:00:08 +0000] "GET /requested.html HTTP/1.1" 404 153 "-" "-"
::ffff:192.168.105.1 - - [27/Jul/2023:20:00:16 +0000] "GET /requested.html HTTP/1.1" 404 153 "-" "-"
::1 - - [28/Jul/2023:10:12:59 +0000] "GET / HTTP/1.1" 200 6951 "-" "Mozilla/5.0 (Windows NT 10.0; Win64; x64) AppleWebKit/537.36 (KHTML, like Gecko) Chrome/114.0.21608.199 Safari/537.36 Avast/114.0.21608.199"
::1 - - [28/Jul/2023:10:12:59 +0000] "GET /css/layout-6a0c73ee31.css HTTP/1.1" 404 164 "http://localhost:8000/" "Mozilla/5.0 (Windows NT 10.0; Win64; x64) AppleWebKit/537.36 (KHTML, like Gecko) Chrome/114.0.21608.199 Safari/537.36 Avast/114.0.21608.199"
::1 - - [28/Jul/2023:10:12:59 +0000] "GET /css/header-e369a7a893.css HTTP/1.1" 404 164 "http://localhost:8000/" "Mozilla/5.0 (Windows NT 10.0; Win64; x64) AppleWebKit/537.36 (KHTML, like Gecko) Chrome/114.0.21608.199 Safari/537.36 Avast/114.0.21608.199"
::1 - - [28/Jul/2023:10:12:59 +0000] "GET /css/footer-80b8801692.css HTTP/1.1" 404 164 "http://localhost:8000/" "Mozilla/5.0 (Windows NT 10.0; Win64; x64) AppleWebKit/537.36 (KHTML, like Gecko) Chrome/114.0.21608.199 Safari/537.36 Avast/114.0.21608.199"
::1 - - [28/Jul/2023:10:13:01 +0000] "GET /css/header-e369a7a893.css HTTP/1.1" 404 164 "http://localhost:8000/" "Mozilla/5.0 (Windows NT 10.0; Win64; x64) AppleWebKit/537.36 (KHTML, like Gecko) Chrome/114.0.21608.199 Safari/537.36 Avast/114.0.21608.199"
::1 - - [28/Jul/2023:10:13:01 +0000] "GET /css/layout-6a0c73ee31.css HTTP/1.1" 404 164 "http://localhost:8000/" "Mozilla/5.0 (Windows NT 10.0; Win64; x64) AppleWebKit/537.36 (KHTML, like Gecko) Chrome/114.0.21608.199 Safari/537.36 Avast/114.0.21608.199"
::1 - - [28/Jul/2023:10:13:01 +0000] "GET /css/footer-80b8801692.css HTTP/1.1" 404 164 "http://localhost:8000/" "Mozilla/5.0 (Windows NT 10.0; Win64; x64) AppleWebKit/537.36 (KHTML, like Gecko) Chrome/114.0.21608.199 Safari/537.36 Avast/114.0.21608.199"
::1 - - [28/Jul/2023:10:13:01 +0000] "GET /favicon.ico HTTP/1.1" 404 150 "http://localhost:8000/" "Mozilla/5.0 (Windows NT 10.0; Win64; x64) AppleWebKit/537.36 (KHTML, like Gecko) Chrome/114.0.21608.199 Safari/537.36 Avast/114.0.21608.199"
